Загрузка начата (16:39:03, Август 31, 2021)

Ошибка (HTTP код 404) - 'http://b_uclphys/persons/images/geiger_hans.jpg'
Ошибка (HTTP код 404) - 'http://b_uclphys/persons/images/hahnmeit.jpg'
 Error ('File not found') - '\E:\inetpub\wwwroot\simages\antin.gif'
Ошибка (HTTP код 404) - 'http://b_uclphys/persons/images/majorana_ettore.jpg'
Ошибка (HTTP код 404) - 'http://b_uclphys/neutron/neitron.pdf'
Ошибка (HTTP код 404) - 'http://b_uclphys/zgauge/exl10.jpg'
Ошибка (HTTP код 404) - 'http://b_uclphys/zgauge/counter.gif'
Ошибка (HTTP код 404) - 'http://b_uclphys/zgauge/logo_trv88.gif'
Ошибка (HTTP код 404) - 'http://b_uclphys/zgauge/elementy.gif'
Ошибка (HTTP код 404) - 'http://b_uclphys/zgauge/astronet.jpg'
Ошибка (HTTP код 404) - 'http://b_uclphys/zgauge/mrrse.jpg'
Ошибка (HTTP код 300) - 'http://b_uclphys/persons/pages/lippmann_g.gif'
Ошибка (HTTP код 300) - 'http://b_uclphys/persons/pages/lee_d.gif'
Ошибка (HTTP код 404) - 'http://b_uclphys/persons/pages/images/gamow.jpg'
Ошибка (HTTP код 404) - 'http://b_uclphys/colliders/images/col2_01.gif'
Ошибка (HTTP код 404) - 'http://b_uclphys/enc/gas_det.htm'
Ошибка (HTTP код 300) - 'http://b_uclphys/enc/..nrf/oldnrf/nrf3.htm'
Ошибка (HTTP код 300) - 'http://b_uclphys/dbd/dbd14.files/image013.gif'
Ошибка (HTTP код 404) - 'http://b_uclphys/enc/ndb/ndb123.htm'
Ошибка (HTTP код 404) - 'http://b_uclphys/radioactivity/ract06_html_4fccf23a.gif'
Ошибка (HTTP код 404) - 'http://b_uclphys/persons/pages/images/pauli1.jpg'
Ошибка (HTTP код 404) - 'http://b_uclphys/colliders/images/col1_01.gif'
Ошибка (HTTP код 404) - 'http://b_uclphys/persons/pages/images/jensen_hans.jpg'
Ошибка (HTTP код 404) - 'http://b_uclphys/hph/i/hph_html_m5fb208d8.gif'
Ошибка (HTTP код 300) - 'http://b_uclphys/sem2/sem02.hml'
Ошибка (HTTP код 404) - 'http://b_uclphys/radioactivity/05_html_mcb023eb.gif'
Ошибка (HTTP код 404) - 'http://b_uclphys/enc/fi/fi04.htm'
Ошибка (HTTP код 404) - 'http://b_uclphys/cur/images/pontekorvo_bruno.jpg'
Ошибка (HTTP код 404) - 'http://b_uclphys/nucmodl/m044_files/alpha16.gif'
Ошибка (HTTP код 404) - 'http://b_uclphys/p/pp268-285.pdf'
Ошибка (HTTP код 404) - 'http://b_uclphys/ATLAS/images/atlas15_02.gif'
Ошибка (HTTP код 404) - 'http://b_uclphys/colliders/%D0%9A%D0%9D%D0%98%D0%93%D0%90%20%D0%9E%20%D0%9A%D0%9E%D0%9B%D0%9B%D0%90%D0%99%D0%94%D0%95%D0%A0%D0%90%D0%A5_html_168ece32.png'
Ошибка (HTTP код 300) - 'http://b_uclphys/spargalka/0042.htm'
Ошибка (HTTP код 404) - 'http://b_uclphys/mrrs/misc/mesons.pdf'
Ошибка (HTTP код 404) - 'http://b_uclphys/persons/images/pais_abraham.jpg'
Ошибка (HTTP код 404) - 'http://b_uclphys/persons/pages/images/salam.jpg'
Ошибка (HTTP код 404) - 'http://b_uclphys/persons/images/lambertson_glen.gif'
Ошибка (HTTP код 300) - 'http://b_uclphys/persons/images/piccioni_oreste.gif'
Ошибка (HTTP код 404) - 'http://b_uclphys/enc/histan/histan14.htm'
Ошибка (HTTP код 404) - 'http://b_uclphys/persons/images/fermi2.jpg'
Ошибка (HTTP код 404) - 'http://b_uclphys/wn/wan05.htm'
Ошибка (HTTP код 300) - 'http://b_uclphys/persons/images/mcmillan_edwin.gif'
Ошибка (HTTP код 404) - 'https://www.sno.phy.queensu.ca/images/MINE.GIF'
Ошибка (HTTP код 404) - 'http://b_uclphys/dbd/РЁРёСЂРѕРєРѕРІ%20uzmu.files/image002.gif'
Ошибка (HTTP код 404) - 'http://b_uclphys/ATLAS/images/atlas14_2_9.gif'
Ошибка (HTTP код 404) - 'http://b_uclphys/enc/b_uclphys/antimatter/ant14.htm'
Ошибка (HTTP код 404) - 'http://www.jinr.ru/~jinrmag/foto/2010/ko17-2.jpg'
Ошибка (HTTP код 404) - 'http://b_uclphys/persons/pages/images/zeldovich.jpg'
Ошибка (HTTP код 404) - 'http://b_uclphys/mrrs/misc/constants.htm'
Ошибка (HTTP код 404) - 'http://b_uclphys/spargalka/images/s016_anim-d.gif'
Ошибка (HTTP код 404) - 'http://b_uclphys/spargalka/s016_q1.gif'
Ошибка (HTTP код 404) - 'http://b_uclphys/spargalka/s016_o1.gif'
Ошибка (HTTP код 404) - 'http://b_uclphys/spargalka/s016_m1.gif'
Ошибка (HTTP код 404) - 'http://b_uclphys/persons/images/hamilton_william.jpg'
 Error ('12007') - 'http://b_uclphys/sem2/images/fsem02_04.gif'
 Error ('12007') - 'http://b_uclphys/problems/p03.htm'
 Error ('12007') - 'http://b_uclphys/problems/p08.htm'
 Error ('12007') - 'http://b_uclphys/p/zad_02.pdf'
Ошибка (HTTP код 404) - 'http://b_uclphys/radioactivity/i/ract14_html_m41603ade.gif'
Ошибка (HTTP код 300) - 'http://b_uclphys/antimatter/ant15.files/image077.gif'
Ошибка (HTTP код 404) - 'http://b_uclphys/lect/index.html'
Ошибка (HTTP код 404) - 'http://b_uclphys/qgp/qma/index.html'
Ошибка (HTTP код 404) - 'http://b_uclphys/wn/exl10.jpg'
Ошибка (HTTP код 404) - 'http://b_uclphys/wn/bullet7.gif'
Ошибка (HTTP код 404) - 'http://b_uclphys/wn/counter.gif'
Ошибка (HTTP код 404) - 'http://b_uclphys/wn/logo_trv88.gif'
Ошибка (HTTP код 404) - 'http://b_uclphys/wn/elementy.gif'
Ошибка (HTTP код 404) - 'http://b_uclphys/wn/astronet.jpg'
Ошибка (HTTP код 404) - 'http://b_uclphys/wn/mrrse.jpg'
Ошибка (HTTP код 404) - 'http://b_uclphys/gnpc/Otchet5.5-2018.pdf'
Ошибка (HTTP код 404) - 'https://www.haystack.mit.edu/~jcf/jan97/sampex.gif'
Ошибка (HTTP код 404) - 'https://radhome.gsfc.nasa.gov/radhome/papers/slideshow10/SC_NSREC97/img045.gif'
 Error ('12007') - 'http://cobr.kts.ru/astron/news/2000/cme0218.gif'
Ошибка (HTTP код 404) - 'http://b_uclphys/electronics/images/amp07.gif'
Ошибка (HTTP код 404) - 'http://b_uclphys/electronics/images/amp11.gif'
Ошибка (HTTP код 404) - 'http://b_uclphys/electronics/images/ct01.gif'
Ошибка (HTTP код 404) - 'http://b_uclphys/electronics/images/modul_lgate.gif'
Ошибка (HTTP код 301) - 'http://commons.wikimedia.org/wiki/://commons.wikimedia.org/wiki/://commons.wikimedia.org/wiki/://commons.wikimedia.org/wiki/://commons.wikimedia.org/wiki/://commons.wikimedia.org/wiki/://commons.wikimedia.org/wiki/://commons.wikimedia.org/wiki/://commons.wikimedia.org/wiki/://commons.wikimedia.org/wiki/://commons.wikimedia.org/wiki/://commons.wikimedia.org/wiki/://commons.wikimedia.org/wiki/://commons.wikimedia.org/wiki/://commons.wikimedia.org/wiki/://commons.wikimedia.org/wiki/://commons.wikimedia.org/wiki/://commons.wikimedia.org/wiki/://commons.wikimedia.org/wiki/://commons.wikimedia.org/wiki/://commons.wikimedia.org/wiki/://commons.wikimedia.org/wiki/://commons.wikimedia.org/wiki/://commons.wikimedia.org/wiki/://commons.wikimedia.org/wiki/://commons.wikimedia.org/wiki/://commons.wikimedia.org/wiki/://commons.wikimedia.org/wiki/://commons.wikimedia.org/wiki/://commons.wikimedia.org/wiki/://commons.wikimedia.org/wiki/://commons.wikimedia.org/wiki/://commons.wikimedia.org/wiki/://commons.wikimedia.org/wiki/://commons.wikimedia.org/wiki/://commons.wikimedia.org/wiki/://commons.wikimedia.org/wiki/://commons.wikimedia.org/wiki/://commons.wikimedia.org/wiki/://commons.wikimedia.org/wiki/://commons.wikimedia.org/wiki/://commons.wikimedia.org/wiki/://commons.wikimedia.org/wiki/://commons.wikimedia.org/wiki/://commons.wikimedia.org/wiki/://commons.wikimedia.org/wiki/://commons.wikimedia.org/wiki/://commons.wikimedia.org/wiki/://commons.wikimedia.org/wiki/://commons.wikimedia.org/wiki/://commons.wikimedia.org/wiki/://commons.wikimedia.org/wiki/://commons.wikimedia.org/wiki/://commons.wikimedia.org/wiki/://commons.wikimedia.org/wiki/://commons.wikimedia.org/wiki/://commons.wikimedia.org/wiki/://commons.wikimedia.org/wiki/://commons.wikimedia.org/wiki/://commons.wikimedia.org/wiki/://commons.wikimedia.org/wiki/://commons.wikimedia.org/wiki/://commons.wikimedia.org/wiki/://commons.wikimedia.org/wiki/)@'
Ошибка (HTTP код 301) - 'http://commons.wikimedia.org/wiki/://commons.wikimedia.org/wiki/://commons.wikimedia.org/wiki/://commons.wikimedia.org/wiki/://commons.wikimedia.org/wiki/://commons.wikimedia.org/wiki/://commons.wikimedia.org/wiki/://commons.wikimedia.org/wiki/://commons.wikimedia.org/wiki/://commons.wikimedia.org/wiki/://commons.wikimedia.org/wiki/://commons.wikimedia.org/wiki/://commons.wikimedia.org/wiki/://commons.wikimedia.org/wiki/://commons.wikimedia.org/wiki/://commons.wikimedia.org/wiki/://commons.wikimedia.org/wiki/://commons.wikimedia.org/wiki/://commons.wikimedia.org/wiki/://commons.wikimedia.org/wiki/://commons.wikimedia.org/wiki/://commons.wikimedia.org/wiki/://commons.wikimedia.org/wiki/://commons.wikimedia.org/wiki/://commons.wikimedia.org/wiki/://commons.wikimedia.org/wiki/://commons.wikimedia.org/wiki/://commons.wikimedia.org/wiki/://commons.wikimedia.org/wiki/://commons.wikimedia.org/wiki/://commons.wikimedia.org/wiki/://commons.wikimedia.org/wiki/://commons.wikimedia.org/wiki/://commons.wikimedia.org/wiki/://commons.wikimedia.org/wiki/://commons.wikimedia.org/wiki/://commons.wikimedia.org/wiki/://commons.wikimedia.org/wiki/://commons.wikimedia.org/wiki/://commons.wikimedia.org/wiki/://commons.wikimedia.org/wiki/://commons.wikimedia.org/wiki/://commons.wikimedia.org/wiki/://commons.wikimedia.org/wiki/://commons.wikimedia.org/wiki/://commons.wikimedia.org/wiki/://commons.wikimedia.org/wiki/://commons.wikimedia.org/wiki/://commons.wikimedia.org/wiki/://commons.wikimedia.org/wiki/://commons.wikimedia.org/wiki/://commons.wikimedia.org/wiki/://commons.wikimedia.org/wiki/://commons.wikimedia.org/wiki/://commons.wikimedia.org/wiki/://commons.wikimedia.org/wiki/://commons.wikimedia.org/wiki/://commons.wikimedia.org/wiki/://commons.wikimedia.org/wiki/://commons.wikimedia.org/wiki/://commons.wikimedia.org/wiki/://commons.wikimedia.org/wiki/://commons.wikimedia.org/wiki/://commons.wikimedia.org/wiki/)@'
Ошибка (HTTP код 404) - 'http://b_uclphys/persons/images/newton.jpg'
Ошибка (HTTP код 404) - 'http://b_uclphys/persons/images/hess_victor.gif'
Ошибка (HTTP код 404) - 'http://b_uclphys/pilgrims/images/skobeltsyn.jpg'
Ошибка (HTTP код 404) - 'http://b_uclphys/b/Govorkov_I.htm'
Ошибка (HTTP код 404) - 'http://b_uclphys/books/books/grib.htm'
 Error ('12007') - 'http://b_uclphys/nucmodl/2001_10b.pdf'
 Error ('12007') - 'http://b_uclphys/nseminar/05.11_MGU_Seminar.pdf'
 Error ('12007') - 'http://b_uclphys/nseminar/15.01.21.pdf'
 Error ('12007') - 'http://b_uclphys/nseminar/Binder1.pdf'
 Error ('12007') - 'http://b_uclphys/thpu/thpu08.pdf'
 Error ('12007') - 'http://b_uclphys/spargalka/a17p.htm'
 Error ('12007') - 'http://b_uclphys/books/pop/044.djvu'
 Error ('12007') - 'http://b_uclphys/enc/..antimatter/ant03.htm'
 Error ('12007') - 'http://b_uclphys/enc/..hp'
 Error ('12007') - 'http://b_uclphys/enc/..hp/hn01.htm'
 Error ('12007') - 'http://b_uclphys/enc/..hp/hn02.htm'
 Error ('12007') - 'http://b_uclphys/enc/..nucmodl/nml12.htm'
 Error ('12007') - 'http://b_uclphys/enc/..misc/search1.htm'
 Error ('12007') - 'http://b_uclphys/enc/..nuclsynt/n10a.htm'
 Error ('12007') - 'http://b_uclphys/enc/..m_un/mun18.htm'
 Error ('12007') - 'http://b_uclphys/enc/..nuclsynt/n03.htm'
 Error ('12007') - 'http://b_uclphys/enc/..mirrors/1998_6b.pdf'
 Error ('12007') - 'http://b_uclphys/enc/..nuclsynt/n10.htm'
 Error ('12007') - 'http://b_uclphys/enc/..spargalka/030.htm'
 Error ('12007') - 'http://b_uclphys/enc/..fi/fi03.htm'
 Error ('12007') - 'http://b_uclphys/enc/..spargalka/a36.htm'
 Error ('12007') - 'http://b_uclphys/enc/..mirrors/fi.htm'
 Error ('12007') - 'http://b_uclphys/enc/..elp/elp02.htm'
 Error ('12007') - 'http://b_uclphys/enc/..seminar/sem1/sem07a.htm'
 Error ('12007') - 'http://b_uclphys/enc/..spargalka/a33.htm'
 Error ('12007') - 'http://b_uclphys/enc/..spargalka/a30.htm'
 Error ('12007') - 'http://b_uclphys/enc/..spargalka/a41.htm'
 Error ('12007') - 'http://b_uclphys/enc/..fi/fi04.htm'
 Error ('12007') - 'http://b_uclphys/enc/..zgauge/Part7.htm'
 Error ('12007') - 'http://b_uclphys/sem2/ad06.htm'
 Error ('12007') - 'http://b_uclphys/problems/p01.htm'
 Error ('12007') - 'http://b_uclphys/problems/p05.htm'
 Error ('12007') - 'http://b_uclphys/problems/p02.htm'
 Error ('12007') - 'http://b_uclphys/problems/p06.htm'
 Error ('12007') - 'http://b_uclphys/problems/p07.htm'
 Error ('12007') - 'http://b_uclphys/problems/p04.htm'
 Error ('12007') - 'http://b_uclphys/problems/p09.htm'
 Error ('12007') - 'http://b_uclphys/p/zad_01.pdf'
 Error ('12007') - 'http://b_uclphys/p/zad_03.pdf'
 Error ('12007') - 'http://b_uclphys/p/zad_04.pdf'
 Error ('12007') - 'http://b_uclphys/p/zad_05.pdf'
 Error ('12007') - 'http://b_uclphys/p/zad_06.pdf'
 Error ('12007') - 'http://b_uclphys/p/zad_07.pdf'
 Error ('12007') - 'http://b_uclphys/p/zad_08.pdf'
 Error ('12007') - 'http://b_uclphys/p/zad_09.pdf'
 Error ('12007') - 'http://b_uclphys/p/Zad_10.pdf'
 Error ('12007') - 'http://b_uclphys/p/zad_11.pdf'
 Error ('12007') - 'http://b_uclphys/p/Zad_12.pdf'
 Error ('12007') - 'http://b_uclphys/p/Zad_13.pdf'
 Error ('12007') - 'http://b_uclphys/p/zad_14.pdf'
 Error ('12007') - 'http://b_uclphys/p/zad_15.pdf'
 Error ('12007') - 'http://b_uclphys/p/zad_16.pdf'
 Error ('12007') - 'http://b_uclphys/p/zad_17.pdf'
 Error ('12007') - 'http://b_uclphys/p/zad_18.pdf'
 Error ('12007') - 'http://b_uclphys/p/Obrabotka.pdf'
 Error ('12007') - 'http://b_uclphys/histan/histan01.htm'
 Error ('12007') - 'http://b_uclphys/histan/histan02.htm'
 Error ('12007') - 'http://b_uclphys/histan/histan03.htm'
 Error ('12007') - 'http://b_uclphys/histan/histan04.htm'
 Error ('12007') - 'http://b_uclphys/histan/histan06.htm'
 Error ('12007') - 'http://b_uclphys/histan/histan07.htm'
 Error ('12007') - 'http://b_uclphys/histan/histan08.htm'
 Error ('12007') - 'http://b_uclphys/histan/histan09.htm'
 Error ('12007') - 'http://b_uclphys/histan/histan11.htm'
 Error ('12007') - 'http://b_uclphys/histan/histan13.htm'
 Error ('12007') - 'http://b_uclphys/histan/histan16.htm'
 Error ('12007') - 'http://b_uclphys/lect/ishkhanov2019/hist.htm'
 Error ('12007') - 'http://b_uclphys/histan/ruth1.pdf'
 Error ('12007') - 'http://b_uclphys/histan/ruth2.pdf'
 Error ('12007') - 'http://b_uclphys/histan/ruth3.pdf'
 Error ('12007') - 'http://b_uclphys/histan/ruth4.pdf'
 Error ('12007') - 'http://b_uclphys/histan/ruth5.pdf'
 Error ('12007') - 'http://b_uclphys/m_un/mun01.htm'
 Error ('12007') - 'http://b_uclphys/m_un/mun02.htm'
 Error ('12007') - 'http://b_uclphys/m_un/mun03.htm'
 Error ('12007') - 'http://b_uclphys/m_un/mun04.htm'
 Error ('12007') - 'http://b_uclphys/m_un/mun07.htm'
 Error ('12007') - 'http://b_uclphys/m_un/mun10.htm'
 Error ('12007') - 'http://b_uclphys/m_un/mun11.htm'
 Error ('12007') - 'http://b_uclphys/m_un/mun14.htm'
 Error ('12007') - 'http://b_uclphys/m_un/mun15.htm'
 Error ('12007') - 'http://b_uclphys/m_un/mun16.htm'
 Error ('12007') - 'http://b_uclphys/m_un/mun17.htm'
 Error ('12007') - 'http://b_uclphys/m_un/mun18.htm'
 Error ('12007') - 'http://b_uclphys/m_un/mun19.htm'
 Error ('12007') - 'http://b_uclphys/m_un/mun21.htm'
 Error ('12007') - 'http://b_uclphys/m_un/mun23.htm'
 Error ('12007') - 'http://b_uclphys/m_un/mun24.htm'
 Error ('12007') - 'http://b_uclphys/m_un/mun25.htm'
 Error ('12007') - 'http://b_uclphys/m_un/mun30.htm'
 Error ('12007') - 'http://b_uclphys/m_un/mun31.htm'
 Error ('12007') - 'http://b_uclphys/m_un/lit.htm'
 Error ('12007') - 'http://b_uclphys/nucmod/nucmod1.htm'
 Error ('12007') - 'http://b_uclphys/nucmod/nucmod2.htm'
 Error ('12007') - 'http://b_uclphys/nucmod/nucmod5.htm'
 Error ('12007') - 'http://b_uclphys/nucmod/nucmod5_2.htm'
 Error ('12007') - 'http://b_uclphys/nucmod/nucmod5_3.htm'
 Error ('12007') - 'http://b_uclphys/nucmod/nucmod6.htm'
 Error ('12007') - 'http://b_uclphys/nucmodl/nml01.htm'
 Error ('12007') - 'http://b_uclphys/nucmodl/nml05.htm'
 Error ('12007') - 'http://b_uclphys/nucmodl/nml06.htm'
 Error ('12007') - 'http://b_uclphys/nucmodl/nml07.htm'
 Error ('12007') - 'http://b_uclphys/nucmodl/nml08.htm'
 Error ('12007') - 'http://b_uclphys/nucmodl/nml09.htm'
 Error ('12007') - 'http://b_uclphys/nucmodl/nml11_1.htm'
 Error ('12007') - 'http://b_uclphys/nucmodl/nml12.htm'
 Error ('12007') - 'http://b_uclphys/'
 Error ('12007') - 'http://b_uclphys/react/nr01.htm'
 Error ('12007') - 'http://b_uclphys/react/nr02.htm'
 Error ('12007') - 'http://b_uclphys/react/nr03.htm'
 Error ('12007') - 'http://b_uclphys/react/nr04.htm'
 Error ('12007') - 'http://b_uclphys/react/nr05.htm'
 Error ('12007') - 'http://b_uclphys/react/nr08.htm'
 Error ('12007') - 'http://b_uclphys/react/nr09.htm'
 Error ('12007') - 'http://b_uclphys/react/nr10.htm'
 Error ('12007') - 'http://b_uclphys/react/nr11.htm'
 Error ('12007') - 'http://b_uclphys/reactions/content.htm'
 Error ('12007') - 'http://b_uclphys/gdr/gdr1.htm'
 Error ('12007') - 'http://b_uclphys/gdr/gdr_c.htm'
 Error ('12007') - 'http://b_uclphys/gdr/lit.htm'
 Error ('12007') - 'http://b_uclphys/UFN/IshkhanovKapitonovUFN2021.pdf'
 Error ('12007') - 'http://b_uclphys/exotic/e01.html'
 Error ('12007') - 'http://b_uclphys/exotic/e02.html'
 Error ('12007') - 'http://b_uclphys/cur/movies/relativity.avi'
 Error ('12007') - 'http://b_uclphys/cur/movies/quant_mech.avi'
 Error ('12007') - 'http://b_uclphys/cur/movies/parity.avi'
 Error ('12007') - 'http://b_uclphys/cur/movies/sinch.mp4'
 Error ('12007') - 'http://b_uclphys/nseminar/15.06.21.Moscowsem.pptx'
 Error ('12007') - 'http://b_uclphys/depniseminar/Meshkov_2021.pdf'
 Error ('12007') - 'http://b_uclphys/nseminar/25.05.21.A.Chepurnov.pdf'
 Error ('12007') - 'http://b_uclphys/UFN'
 Error ('12007') - 'http://b_uclphys/ne/ne13.htm'
 Error ('12007') - 'http://b_uclphys/nseminar/01.01.21a.pdf'
 Error ('12007') - 'http://b_uclphys/nseminar/01а.01.21.pdf'
 Error ('12007') - 'http://b_uclphys/nseminar/18%2009%202020.pdf'
 Error ('12007') - 'http://b_uclphys/mfk20b'
 Error ('12007') - 'http://b_uclphys/varl2/index.html'
 Error ('12007') - 'http://b_uclphys/nuc_techn/ncar.htm'
 Error ('12007') - 'http://b_uclphys/nuc_techn/ngr.htm'
 Error ('12007') - 'http://b_uclphys/ucn/hist.htm'
 Error ('12007') - 'http://b_uclphys/misc/gloss.htm'
 Error ('12007') - 'http://b_uclphys/JL/Pion-electroproduction.pdf'
 Error ('12007') - 'http://b_uclphys/mef/messbauer.htm'
 Error ('12007') - 'http://b_uclphys/nuc_techn/itn/index.html'
 Error ('12007') - 'http://b_uclphys/neutrino1/index.html'
 Error ('12007') - 'http://b_uclphys/nuc_techn/yad_tech/index.html'
 Error ('12007') - 'http://b_uclphys/nuc_techn/isotopes/index.html'
 Error ('12007') - 'http://b_uclphys/hi/index.html'
 Error ('12007') - 'http://b_uclphys/nseminar/oganesyan/index.html'
 Error ('12007') - 'http://b_uclphys/persons/curie/index.html'
 Error ('12007') - 'http://b_uclphys/pop/higgs.htm'
 Error ('12007') - 'http://b_uclphys/persons/bio/Zweig.htm'
 Error ('12007') - 'http://b_uclphys/mrrs/index.html'
 Error ('12007') - 'http://b_uclphys/pelp/index.html'
 Error ('12007') - 'http://b_uclphys/mfk/index.html'
 Error ('12007') - 'http://b_uclphys/books/b/kapitonov.djvu'
 Error ('12007') - 'http://b_uclphys/experiment/detectors/det_c/castor.htm'
 Error ('12007') - 'http://b_uclphys/experiment/detectors/det_c/LHCf.htm'
 Error ('12007') - 'http://b_uclphys/experiment/detectors/det_c/MoEDAL.htm'
 Error ('12007') - 'http://b_uclphys/experiment/detectors/det_c/TOTEM.htm'
 Error ('12007') - 'http://b_uclphys/conf/epp10/index.html'
 Error ('12007') - 'http://b_uclphys/neutrino/video/index.html'
 Error ('12007') - 'http://b_uclphys/lect/ishkhanov2013/index.html'
 Error ('12007') - 'http://b_uclphys/lect/kapitonov2013/index.html'
 Error ('12007') - 'http://b_uclphys/school/s11/index.html'
 Error ('12007') - 'http://b_uclphys/kinematics/index.html'
 Error ('12007') - 'http://b_uclphys/ecology/fukushima/index.html'
 Error ('12007') - 'http://b_uclphys/phnuc/index.html'
 Error ('12007') - 'http://b_uclphys/neutrino/neutrino_osc/index.html'
 Error ('12007') - 'http://b_uclphys/cosm1/index.html'
 Error ('12007') - 'http://b_uclphys/an/index.html'
 Error ('12007') - 'http://b_uclphys/an/an200.htm'
 Error ('12007') - 'http://b_uclphys/conf/XFEL/index.html'
 Error ('12007') - 'http://b_uclphys/conf/dm/index.html'
 Error ('12007') - 'http://b_uclphys/links/phys_enc.htm'
 Error ('12007') - 'http://b_uclphys/persons/bio/index.html'
 Error ('12007') - 'http://b_uclphys/audiovideo/index.html'
 Error ('12007') - 'http://b_uclphys/particles/index.html'
 Error ('12007') - 'http://b_uclphys/el/lec/index.html'
 Error ('12007') - 'http://b_uclphys/pilgrims'
 Error ('12007') - 'http://b_uclphys/polonium/index.html'
 Error ('12007') - 'http://b_uclphys/zbozon/index.html'
 Error ('12007') - 'http://b_uclphys/ecology/trans.htm'
 Error ('12007') - 'http://b_uclphys/nucmodl/m016.htm'
 Error ('12007') - 'http://b_uclphys/persons/pages/roentgen.htm'
 Error ('12007') - 'http://b_uclphys/persons/pages/lorentz_hendrik.htm'
 Error ('12007') - 'http://b_uclphys/persons/pages/zeeman.htm'
 Error ('12007') - 'http://b_uclphys/persons/pages/curie_pierre.htm'
 Error ('12007') - 'http://b_uclphys/persons/pages/curie_marie.htm'
 Error ('12007') - 'http://b_uclphys/persons/pages/rayleigh.htm'
 Error ('12007') - 'http://b_uclphys/persons/pages/lenard.htm'
 Error ('12007') - 'http://b_uclphys/persons/pages/michelson.htm'
 Error ('12007') - 'http://b_uclphys/persons/pages/marconi.htm'
 Error ('12007') - 'http://b_uclphys/persons/pages/braun_cf.htm'
 Error ('12007') - 'http://b_uclphys/persons/pages/waals.htm'
 Error ('12007') - 'http://b_uclphys/persons/pages/wien_w.htm'
 Error ('12007') - 'http://b_uclphys/persons/pages/dalen.htm'
 Error ('12007') - 'http://b_uclphys/persons/pages/onnes.htm'
 Error ('12007') - 'http://b_uclphys/persons/pages/laue.htm'
 Error ('12007') - 'http://b_uclphys/persons/pages/bragg_wh.htm'
 Error ('12007') - 'http://b_uclphys/persons/pages/bragg_wl.htm'
 Error ('12007') - 'http://b_uclphys/persons/pages/barkla.htm'
 Error ('12007') - 'http://b_uclphys/persons/pages/stark.htm'
 Error ('12007') - 'http://b_uclphys/persons/pages/guillame.htm'
 Error ('12007') - 'http://b_uclphys/persons/pages/millikan.htm'
 Error ('12007') - 'http://b_uclphys/persons/pages/siegbahn_karl.htm'
 Error ('12007') - 'http://b_uclphys/persons/pages/franck.htm'
 Error ('12007') - 'http://b_uclphys/persons/pages/hertz_g.htm'
 Error ('12007') - 'http://b_uclphys/persons/pages/raman.htm'
 Error ('12007') - 'http://b_uclphys/persons/pages/perrin.htm'
 Error ('12007') - 'http://b_uclphys/persons/pages/hess.htm'
 Error ('12007') - 'http://b_uclphys/persons/pages/wilson_ch.htm'
 Error ('12007') - 'http://b_uclphys/persons/pages/richardson_owen.htm'
 Error ('12007') - 'http://b_uclphys/persons/pages/davisson.htm'
 Error ('12007') - 'http://b_uclphys/persons/pages/thomson_gp.htm'
 Error ('12007') - 'http://b_uclphys/persons/pages/lawrence.htm'
 Error ('12007') - 'http://b_uclphys/persons/pages/stern.htm'
 Error ('12007') - 'http://b_uclphys/persons/pages/rabi.htm'
 Error ('12007') - 'http://b_uclphys/persons/pages/bridgman.htm'
 Error ('12007') - 'http://b_uclphys/persons/pages/appleton_edward.htm'
 Error ('12007') - 'http://b_uclphys/persons/pages/blackett.htm'
 Error ('12007') - 'http://b_uclphys/persons/pages/cockroft.htm'
 Error ('12007') - 'http://b_uclphys/persons/pages/walton.htm'
 Error ('12007') - 'http://b_uclphys/persons/pages/bloch.htm'
 Error ('12007') - 'http://b_uclphys/persons/pages/purcell.htm'
 Error ('12007') - 'http://b_uclphys/persons/pages/zernike.htm'
 Error ('12007') - 'http://b_uclphys/persons/pages/born-2.htm'
 Error ('12007') - 'http://b_uclphys/persons/pages/bothe.htm'
 Error ('12007') - 'http://b_uclphys/persons/pages/lamb.htm'
 Error ('12007') - 'http://b_uclphys/persons/pages/kusch.htm'
 Error ('12007') - 'http://b_uclphys/persons/pages/shockley.htm'
 Error ('12007') - 'http://b_uclphys/persons/pages/bardeen.htm'
 Error ('12007') - 'http://b_uclphys/persons/pages/brattain.htm'
 Error ('12007') - 'http://b_uclphys/persons/pages/yang_chen_ning.htm'
 Error ('12007') - 'http://b_uclphys/persons/pages/lee.htm'
 Error ('12007') - 'http://b_uclphys/persons/pages/segre.htm'
 Error ('12007') - 'http://b_uclphys/persons/pages/chamberlain.htm'
 Error ('12007') - 'http://b_uclphys/persons/pages/glaser_donald.htm'
 Error ('12007') - 'http://b_uclphys/persons/pages/hofstadter.htm'
 Error ('12007') - 'http://b_uclphys/persons/pages/moessbauer.htm'
 Error ('12007') - 'http://b_uclphys/persons/pages/landau_lev.htm'
 Error ('12007') - 'http://b_uclphys/persons/pages/wigner.htm'
 Error ('12007') - 'http://b_uclphys/persons/pages/townes.htm'
 Error ('12007') - 'http://b_uclphys/persons/pages/basov.htm'
 Error ('12007') - 'http://b_uclphys/persons/pages/prokhorov.htm'
 Error ('12007') - 'http://b_uclphys/persons/pages/tomonaga.htm'
 Error ('12007') - 'http://b_uclphys/persons/pages/schwinger.htm'
 Error ('12007') - 'http://b_uclphys/persons/pages/feynman.htm'
 Error ('12007') - 'http://b_uclphys/persons/pages/kastler.htm'
 Error ('12007') - 'http://b_uclphys/persons/pages/bethe2.htm'
 Error ('12007') - 'http://b_uclphys/persons/pages/alvarez.htm'
 Error ('12007') - 'http://b_uclphys/persons/pages/alfven.htm'
 Error ('12007') - 'http://b_uclphys/persons/pages/neel_louis.htm'
 Error ('12007') - 'http://b_uclphys/persons/pages/gabor.htm'
 Error ('12007') - 'http://b_uclphys/persons/pages/cooper.htm'
 Error ('12007') - 'http://b_uclphys/persons/pages/schrieff.htm'
 Error ('12007') - 'http://b_uclphys/persons/pages/esaki.htm'
 Error ('12007') - 'http://b_uclphys/persons/pages/giaever.htm'
 Error ('12007') - 'http://b_uclphys/persons/pages/josephson_brian.htm'
 Error ('12007') - 'http://b_uclphys/persons/pages/ryle.htm'
 Error ('12007') - 'http://b_uclphys/persons/pages/hewish.htm'
 Error ('12007') - 'http://b_uclphys/persons/pages/rainwat.htm'
 Error ('12007') - 'http://b_uclphys/persons/pages/richter_burton.htm'
 Error ('12007') - 'http://b_uclphys/persons/pages/ting.htm'
 Error ('12007') - 'http://b_uclphys/persons/pages/anderson_pw.htm'
 Error ('12007') - 'http://b_uclphys/persons/pages/mott.htm'
 Error ('12007') - 'http://b_uclphys/persons/pages/vanvleck.htm'
 Error ('12007') - 'http://b_uclphys/persons/pages/kapitza.htm'
 Error ('12007') - 'http://b_uclphys/persons/pages/bloem.htm'
 Error ('12007') - 'http://b_uclphys/persons/pages/schawlow.htm'
 Error ('12007') - 'http://b_uclphys/persons/pages/siegbahn_kai.htm'
 Error ('12007') - 'http://b_uclphys/persons/pages/wilson_k.htm'
 Error ('12007') - 'http://b_uclphys/persons/pages/chandra.htm'
 Error ('12007') - 'http://b_uclphys/persons/pages/fowler.htm'
 Error ('12007') - 'http://b_uclphys/persons/pages/rubbia_carlo.htm'
 Error ('12007') - 'http://b_uclphys/persons/pages/vdmeer.htm'
 Error ('12007') - 'http://b_uclphys/persons/pages/klitzing.htm'
 Error ('12007') - 'http://b_uclphys/persons/pages/ruska.htm'
 Error ('12007') - 'http://b_uclphys/persons/pages/binnig.htm'
 Error ('12007') - 'http://b_uclphys/persons/pages/rohrer.htm'
 Error ('12007') - 'http://b_uclphys/persons/pages/bednorz.htm'
 Error ('12007') - 'http://b_uclphys/persons/pages/mueller.htm'
 Error ('12007') - 'http://b_uclphys/persons/pages/lederman.htm'
 Error ('12007') - 'http://b_uclphys/persons/pages/schwartz.htm'
 Error ('12007') - 'http://b_uclphys/persons/pages/steinb.htm'
 Error ('12007') - 'http://b_uclphys/persons/pages/ramsey.htm'
 Error ('12007') - 'http://b_uclphys/persons/pages/dehmelt.htm'
 Error ('12007') - 'http://b_uclphys/persons/pages/paul.htm'
 Error ('12007') - 'http://b_uclphys/persons/pages/friedman.htm'
 Error ('12007') - 'http://b_uclphys/persons/pages/kendal.htm'
 Error ('12007') - 'http://b_uclphys/persons/pages/taylor.htm'
 Error ('12007') - 'http://b_uclphys/persons/pages/gennes.htm'
 Error ('12007') - 'http://b_uclphys/persons/pages/charpak.htm'
 Error ('12007') - 'http://b_uclphys/persons/pages/hulse.htm'
 Error ('12007') - 'http://b_uclphys/persons/pages/taylorjr.htm'
 Error ('12007') - 'http://b_uclphys/persons/pages/Brockhouse.htm'
 Error ('12007') - 'http://b_uclphys/persons/pages/shull.htm'
 Error ('12007') - 'http://b_uclphys/persons/pages/perl.htm'
 Error ('12007') - 'http://b_uclphys/persons/pages/reines_frederick.htm'
 Error ('12007') - 'http://b_uclphys/persons/pages/osheroff.htm'
 Error ('12007') - 'http://b_uclphys/persons/pages/richardson_robert.htm'
 Error ('12007') - 'http://b_uclphys/persons/pages/chu.htm'
 Error ('12007') - 'http://b_uclphys/persons/pages/tannou.htm'
 Error ('12007') - 'http://b_uclphys/persons/pages/phillips.htm'
 Error ('12007') - 'http://b_uclphys/persons/pages/laughlin_robert.htm'
 Error ('12007') - 'http://b_uclphys/persons/pages/stoermer.htm'
 Error ('12007') - 'http://b_uclphys/persons/pages/tsui.htm'
 Error ('12007') - 'http://b_uclphys/persons/pages/thooft.htm'
 Error ('12007') - 'http://b_uclphys/persons/pages/veltman.htm'
 Error ('12007') - 'http://b_uclphys/persons/pages/kroemer.htm'
 Error ('12007') - 'http://b_uclphys/persons/pages/kilby_jack.htm'
 Error ('12007') - 'http://b_uclphys/persons/pages/cornell_eric.htm'
 Error ('12007') - 'http://b_uclphys/persons/pages/ketterle_wolfgang.htm'
 Error ('12007') - 'http://b_uclphys/persons/pages/wieman_carl.htm'
 Error ('12007') - 'http://b_uclphys/persons/pages/davis_raymond.htm'
 Error ('12007') - 'http://b_uclphys/persons/pages/koshiba_masatoshi.htm'
 Error ('12007') - 'http://b_uclphys/persons/pages/giacconi_riccardo.htm'
 Error ('12007') - 'http://b_uclphys/persons/pages/ginzburg_vitaly.htm'
 Error ('12007') - 'http://b_uclphys/persons/pages/leggett_anthony.htm'
 Error ('12007') - 'http://b_uclphys/persons/pages/gross_david.htm'
 Error ('12007') - 'http://b_uclphys/persons/pages/politzer_david.htm'
 Error ('12007') - 'http://b_uclphys/persons/pages/glauber_roy.htm'
 Error ('12007') - 'http://b_uclphys/persons/pages/hall_john.htm'
 Error ('12007') - 'http://b_uclphys/persons/pages/hansch_theodor.htm'
 Error ('12007') - 'http://b_uclphys/persons/pages/mather_john.htm'
 Error ('12007') - 'http://b_uclphys/persons/pages/smoot_george.htm'
 Error ('12007') - 'http://b_uclphys/persons/pages/fert_albert.htm'
 Error ('12007') - 'http://b_uclphys/persons/pages/gruenberg_peter.htm'
 Error ('12007') - 'http://b_uclphys/persons/pages/nambu.htm'
 Error ('12007') - 'http://b_uclphys/persons/pages/kobayashi_makoto.htm'
 Error ('12007') - 'http://b_uclphys/persons/pages/maskawa_toshihide.htm'
 Error ('12007') - 'http://b_uclphys/persons/pages/kao_charles.htm'
 Error ('12007') - 'http://b_uclphys/persons/pages/smith_george.htm'
 Error ('12007') - 'http://b_uclphys/persons/pages/novoselov_konstantin.htm'
 Error ('12007') - 'http://b_uclphys/persons/pages/schmidt_brian.htm'
 Error ('12007') - 'http://b_uclphys/persons/pages/riess_adam.htm'
 Error ('12007') - 'http://b_uclphys/persons/pages/perlmutter_saul.htm'
 Error ('12007') - 'http://b_uclphys/persons/pages/wineland_david.htm'
 Error ('12007') - 'http://b_uclphys/persons/pages/Nakamura_Shuji.htm'
 Error ('12007') - 'http://b_uclphys/persons/pages/mcdonald_arthur.htm'
 Error ('12007') - 'http://b_uclphys/persons/pages/kajita_takaaki.htm'
 Error ('12007') - 'http://b_uclphys/persons/pages/thouless_david.htm'
 Error ('12007') - 'http://b_uclphys/persons/pages/haldane_frederick.htm'
 Error ('12007') - 'http://b_uclphys/persons/pages/kosterlitz_michael.htm'
 Error ('12007') - 'http://b_uclphys/persons/pages/Ashkin_Arthur.htm'
 Error ('12007') - 'http://b_uclphys/persons/pages/Strickland_Donna.htm'
 Error ('12007') - 'http://b_uclphys/persons/pages/Mourou_Gerard.htm'
 Error ('12007') - 'http://b_uclphys/persons/pages/peebles.htm'
 Error ('12007') - 'http://b_uclphys/persons/pages/mayor.htm'
 Error ('12007') - 'http://b_uclphys/persons/pages/queloz.htm'
 Error ('12007') - 'http://b_uclphys/persons/pages/penrose_roger.htm'
 Error ('12007') - 'http://b_uclphys/persons/pages/soddy.htm'
 Error ('12007') - 'http://b_uclphys/persons/pages/joliot.htm'
 Error ('12007') - 'http://b_uclphys/persons/pages/hevesy.htm'
 Error ('12007') - 'http://b_uclphys/persons/pages/libby.htm'
 Error ('12007') - 'http://b_uclphys/persons/pages/ernst.htm'
 Error ('12007') - 'http://b_uclphys/persons/pages/abrikosov_alexei.htm'
 Error ('12007') - 'http://b_uclphys/persons/pages/avogadro_amedeo.htm'
 Error ('12007') - 'http://b_uclphys/persons/pages/Akasaki_Isamu.htm'
 Error ('12007') - 'http://b_uclphys/persons/pages/vanallen_james.htm'
 Error ('12007') - 'http://b_uclphys/persons/pages/alichanov_abram.htm'
 Error ('12007') - 'http://b_uclphys/persons/pages/alichanian_artem.htm'
 Error ('12007') - 'http://b_uclphys/persons/pages/alferov.htm'
 Error ('12007') - 'http://b_uclphys/persons/pages/alpher_ralph.htm'
 Error ('12007') - 'http://b_uclphys/persons/pages/amaldi_edouardo.htm'
 Error ('12007') - 'http://b_uclphys/persons/pages/Amano_Hiroshi.htm'
 Error ('12007') - 'http://b_uclphys/persons/pages/ambartsumian_victor.htm'
 Error ('12007') - 'http://b_uclphys/persons/pages/haroche_serge.htm'
 Error ('12007') - 'http://b_uclphys/persons/pages/Aspect.htm'
 Error ('12007') - 'http://b_uclphys/persons/pages/Aspelmeyer.htm'
 Error ('12007') - 'http://b_uclphys/persons/pages/askaryan_gurgen.htm'
 Error ('12007') - 'http://b_uclphys/persons/pages/Aston_Francis_William.htm'
 Error ('12007') - 'http://b_uclphys/persons/pages/baade_walter.htm'
 Error ('12007') - 'http://b_uclphys/persons/pages/bahcall_john.htm'
 Error ('12007') - 'http://b_uclphys/persons/pages/baldin-am.htm'
 Error ('12007') - 'http://b_uclphys/persons/pages/Balmer.htm'
 Error ('12007') - 'http://b_uclphys/persons/pages/Barish_Barry.htm'
 Error ('12007') - 'http://b_uclphys/persons/pages/butler_stuart.htm'
 Error ('12007') - 'http://b_uclphys/persons/pages/butler_clifford.htm'
 Error ('12007') - 'http://b_uclphys/persons/pages/bell_john.htm'
 Error ('12007') - 'http://b_uclphys/persons/pages/belyaev_spartak.htm'
 Error ('12007') - 'http://b_uclphys/persons/pages/burbidge_geoffrey.htm'
 Error ('12007') - 'http://b_uclphys/persons/pages/burbidge_margaret.htm'
 Error ('12007') - 'http://b_uclphys/persons/pages/Berners-Lee.htm'
 Error ('12007') - 'http://b_uclphys/persons/pages/biermann_ludwig.htm'
 Error ('12007') - 'http://b_uclphys/persons/pages/blokhintsev_dmitri.htm'
 Error ('12007') - 'http://b_uclphys/persons/pages/bogoliubov.htm'
 Error ('12007') - 'http://b_uclphys/persons/pages/boyle_willard.htm'
 Error ('12007') - 'http://b_uclphys/persons/pages/Boltzmann.htm'
 Error ('12007') - 'http://b_uclphys/persons/pages/bohm.htm'
 Error ('12007') - 'http://b_uclphys/persons/pages/breit_gregory.htm'
 Error ('12007') - 'http://b_uclphys/persons/pages/brickwedde_ferdinand.htm'
 Error ('12007') - 'http://b_uclphys/persons/pages/broglie_maurice.htm'
 Error ('12007') - 'http://b_uclphys/persons/pages/bronstein_matvey.htm'
 Error ('12007') - 'http://b_uclphys/persons/pages/budker_gersh.htm'
 Error ('12007') - 'http://b_uclphys/persons/pages/vavilov_sergey.htm'
 Error ('12007') - 'http://b_uclphys/persons/bio/wise.htm'
 Error ('12007') - 'http://b_uclphys/persons/pages/weiss_rainer.htm'
 Error ('12007') - 'http://b_uclphys/persons/pages/vainshtein_arkady.htm'
 Error ('12007') - 'http://b_uclphys/persons/pages/weisskopf.htm'
 Error ('12007') - 'http://b_uclphys/persons/pages/weizsacker_carl.htm'
 Error ('12007') - 'http://b_uclphys/persons/pages/veneziano_gabriele.htm'
 Error ('12007') - 'http://b_uclphys/persons/pages/vernov_sergey.htm'
 Error ('12007') - 'http://b_uclphys/persons/pages/wess_julius.htm'
 Error ('12007') - 'http://b_uclphys/persons/pages/wiegand_clyde.htm'
 Error ('12007') - 'http://b_uclphys/persons/pages/wideroe_rolf.htm'
 Error ('12007') - 'http://b_uclphys/persons/pages/wick_gian_carlo.htm'
 Error ('12007') - 'http://b_uclphys/persons/pages/wilson_robert_rathbun.htm'
 Error ('12007') - 'http://b_uclphys/persons/pages/wilczek_frank.htm'
 Error ('12007') - 'http://b_uclphys/persons/pages/verdee_tejinder%20singh.htm'
 Error ('12007') - 'http://b_uclphys/persons/pages/witten_edward.htm'
 Error ('12007') - 'http://b_uclphys/persons/pages/volkov_vadim_vasilievich.htm'
 Error ('12007') - 'http://b_uclphys/persons/pages/wolf_rudolf.htm'
 Error ('12007') - 'http://b_uclphys/persons/pages/wolfenstein_lincoln.htm'
 Error ('12007') - 'http://b_uclphys/persons/pages/wu.htm'
 Error ('12007') - 'http://b_uclphys/persons/pages/heitler_walter.htm'
 Error ('12007') - 'http://b_uclphys/persons/pages/Andrea%20Mia%20Ghez.htm'
 Error ('12007') - 'http://b_uclphys/persons/pages/geim_andre.htm'
 Error ('12007') - 'http://b_uclphys/persons/pages/genzel%20reinhard.htm'
 Error ('12007') - 'http://b_uclphys/persons/pages/germer_lester.htm'
 Error ('12007') - 'http://b_uclphys/persons/pages/gliner_erast.htm'
 Error ('12007') - 'http://b_uclphys/persons/pages/gold_thomas.htm'
 Error ('12007') - 'http://b_uclphys/persons/pages/goldstone.htm'
 Error ('12007') - 'http://b_uclphys/persons/pages/goldhaber_maurice.htm'
 Error ('12007') - 'http://b_uclphys/persons/pages/goldansky_vitaly.htm'
 Error ('12007') - 'http://b_uclphys/persons/pages/golfand_yuri.htm'
 Error ('12007') - 'http://b_uclphys/persons/pages/greisen_Kenneth.htm'
 Error ('12007') - 'http://b_uclphys/persons/pages/gribov_vladimir.htm'
 Error ('12007') - 'http://b_uclphys/persons/pages/grigorov_naum.htm'
 Error ('12007') - 'http://b_uclphys/persons/pages/green_michael.htm'
 Error ('12007') - 'http://b_uclphys/persons/pages/guth_alan.htm'
 Error ('12007') - 'http://b_uclphys/persons/pages/gurevich_aleksandr.htm'
 Error ('12007') - 'http://b_uclphys/persons/pages/ghiorso_albert.htm'
 Error ('12007') - 'http://b_uclphys/persons/pages/dyson_freeman.htm'
 Error ('12007') - 'http://b_uclphys/persons/pages/danilov_mikhail.htm'
 Error ('12007') - 'http://b_uclphys/persons/pages/debye_peter.htm'
 Error ('12007') - 'http://b_uclphys/persons/pages/deutsch_martin.htm'
 Error ('12007') - 'http://b_uclphys/persons/pages/dzelepov_boris.htm'
 Error ('12007') - 'http://b_uclphys/persons/pages/gianotti_fabiola.htm'
 Error ('12007') - 'http://b_uclphys/persons/pages/georgi_howard.htm'
 Error ('12007') - 'http://b_uclphys/persons/pages/dobrotin_nikolaj.htm'
 Error ('12007') - 'http://b_uclphys/persons/pages/dolgoshein_boris.htm'
 Error ('12007') - 'http://b_uclphys/persons/pages/zatsepin_georgy.htm'
 Error ('12007') - 'http://b_uclphys/persons/pages/zelmanov_abraham.htm'
 Error ('12007') - 'http://b_uclphys/persons/pages/sommerfeld_arnold.htm'
 Error ('12007') - 'http://b_uclphys/persons/pages/zumino_bruno.htm'
 Error ('12007') - 'http://b_uclphys/persons/pages/ioffe_abram.htm'
 Error ('12007') - 'http://b_uclphys/persons/pages/ioffe_boris.htm'
 Error ('12007') - 'http://b_uclphys/persons/pages/Iliopoulos_john.htm'
 Error ('12007') - 'http://b_uclphys/persons/pages/ypsilantis_thomas.htm'
 Error ('12007') - 'http://b_uclphys/persons/pages/cabibbo_nicola.htm'
 Error ('12007') - 'http://b_uclphys/persons/pages/cabrera_blas.htm'
 Error ('12007') - 'http://b_uclphys/persons/pages/cavendish_henry.htm'
 Error ('12007') - 'http://b_uclphys/persons/pages/kerst_donald.htm'
 Error ('12007') - 'http://b_uclphys/persons/pages/Clauser.htm'
 Error ('12007') - 'http://b_uclphys/persons/pages/kobzarev_igor.htm'
 Error ('12007') - 'http://b_uclphys/persons/pages/kolhoerster_werner.htm'
 Error ('12007') - 'http://b_uclphys/persons/pages/konopinski_emil_jan.htm'
 Error ('12007') - 'http://b_uclphys/persons/pages/cowan_clyde.htm'
 Error ('12007') - 'http://b_uclphys/persons/pages/Kramers.htm'
 Error ('12007') - 'http://b_uclphys/persons/pages/crooks_william.htm'
 Error ('12007') - 'http://b_uclphys/persons/pages/kubetsky_leonid.htm'
 Error ('12007') - 'http://b_uclphys/persons/pages/kuzmin_vadim.htm'
 Error ('12007') - 'http://b_uclphys/persons/pages/coulomb_charles.htm'
 Error ('12007') - 'http://b_uclphys/persons/pages/levi_hilde.htm'
 Error ('12007') - 'http://b_uclphys/persons/pages/leipunsky_aleksandr.htm'
 Error ('12007') - 'http://b_uclphys/persons/pages/lemaitre_georges.htm'
 Error ('12007') - 'http://b_uclphys/persons/pages/lee_d.htm'
 Error ('12007') - 'http://b_uclphys/persons/pages/livingstone_stanley.htm'
 Error ('12007') - 'http://b_uclphys/persons/pages/linde_andrei.htm'
 Error ('12007') - 'http://b_uclphys/persons/pages/lippmann_g.htm'
 Error ('12007') - 'http://b_uclphys/persons/pages/likhtman_evgeny.htm'
 Error ('12007') - 'http://b_uclphys/persons/pages/lobashev_vladimir.htm'
 Error ('12007') - 'http://b_uclphys/persons/pages/luders_gerhart.htm'
 Error ('12007') - 'http://b_uclphys/persons/pages/mazets_evgeny.htm'
 Error ('12007') - 'http://b_uclphys/persons/pages/maiani_luciano.htm'
 Error ('12007') - 'http://b_uclphys/persons/pages/majorana_ettore.htm'
 Error ('12007') - 'http://b_uclphys/persons/pages/markov_moisej.htm'
 Error ('12007') - 'http://b_uclphys/persons/pages/migdal_arkady.htm'
 Error ('12007') - 'http://b_uclphys/persons/pages/mikheyev_stanislav.htm'
 Error ('12007') - 'http://b_uclphys/persons/pages/moseley_henry.htm'
 Error ('12007') - 'http://b_uclphys/persons/pages/Neumann.htm'
 Error ('12007') - 'http://b_uclphys/persons/pages/Nernst.htm'
 Error ('12007') - 'http://b_uclphys/persons/pages/murzin_vladimir.htm'
 Error ('12007') - 'http://b_uclphys/persons/pages/noddack_ida.htm'
 Error ('12007') - 'http://b_uclphys/persons/pages/oganesian.htm'
 Error ('12007') - 'http://b_uclphys/persons/pages/auger_pierre.htm'
 Error ('12007') - 'http://b_uclphys/persons/pages/okubo_susumu.htm'
 Error ('12007') - 'http://b_uclphys/persons/pages/okun_lev.htm'
 Error ('12007') - 'http://b_uclphys/persons/pages/peierls_rudolf.htm'
 Error ('12007') - 'http://b_uclphys/persons/pages/panofsky_wolfgang.htm'
 Error ('12007') - 'http://b_uclphys/persons/pages/peccei_roberto.htm'
 Error ('12007') - 'http://b_uclphys/persons/pages/petrzhak_konstantin.htm'
 Error ('12007') - 'http://b_uclphys/persons/pages/piccioni_oreste.htm'
 Error ('12007') - 'http://b_uclphys/persons/pages/placzek_george.htm'
 Error ('12007') - 'http://b_uclphys/persons/pages/Podolsky.htm'
 Error ('12007') - 'http://b_uclphys/persons/pages/polchinski_joe.htm'
 Error ('12007') - 'http://b_uclphys/persons/pages/polyakov_aleksandr.htm'
 Error ('12007') - 'http://b_uclphys/persons/pages/pomeranchuk_isaak.htm'
 Error ('12007') - 'http://b_uclphys/persons/pages/rasetti_franco.htm'
 Error ('12007') - 'http://b_uclphys/persons/pages/racah_giulio.htm'
 Error ('12007') - 'http://b_uclphys/persons/pages/rydberg_johannes.htm'
 Error ('12007') - 'http://b_uclphys/persons/pages/Rosen.htm'
 Error ('12007') - 'http://b_uclphys/persons/pages/rosenfeld_leon.htm'
 Error ('12007') - 'http://b_uclphys/persons/pages/rossi_bruno.htm'
 Error ('12007') - 'http://b_uclphys/persons/pages/regge_tullio.htm'
 Error ('12007') - 'http://b_uclphys/persons/pages/sakata_shoichi.htm'
 Error ('12007') - 'http://b_uclphys/persons/pages/saxon_david.htm'
 Error ('12007') - 'http://b_uclphys/persons/pages/serber_robert.htm'
 Error ('12007') - 'http://b_uclphys/persons/pages/sitenko_aleksey.htm'
 Error ('12007') - 'http://b_uclphys/persons/pages/skobeltsyn_dmytri.htm'
 Error ('12007') - 'http://b_uclphys/persons/pages/skrinsky_aleksandr.htm'
 Error ('12007') - 'http://b_uclphys/persons/pages/slipher_vesto_melvin.htm'
 Error ('12007') - 'http://b_uclphys/persons/pages/Slater.htm'
 Error ('12007') - 'http://b_uclphys/persons/pages/sliv.htm'
 Error ('12007') - 'http://b_uclphys/persons/pages/smirnov_alexei.htm'
 Error ('12007') - 'http://b_uclphys/persons/pages/sokolov_arseny.htm'
 Error ('12007') - 'http://b_uclphys/persons/pages/spitzer_lyman.htm'
 Error ('12007') - 'http://b_uclphys/persons/pages/starobinsky_aleksey.htm'
 Error ('12007') - 'http://b_uclphys/persons/pages/stoletov_alexander.htm'
 Error ('12007') - 'http://b_uclphys/persons/pages/strutinsky_vilen.htm'
 Error ('12007') - 'http://b_uclphys/persons/pages/syrovatsky_sergey.htm'
 Error ('12007') - 'http://b_uclphys/persons/pages/teller_edward.htm'
 Error ('12007') - 'http://b_uclphys/persons/pages/Thorne_Kip.htm'
 Error ('12007') - 'http://b_uclphys/persons/pages/faddeev_ludvig.htm'
 Error ('12007') - 'http://b_uclphys/persons/pages/faynberg_yakov.htm'
 Error ('12007') - 'http://b_uclphys/persons/pages/fano_ugo.htm'
 Error ('12007') - 'http://b_uclphys/persons/pages/faraday_michael.htm'
 Error ('12007') - 'http://b_uclphys/persons/pages/phillips_melba.htm'
 Error ('12007') - 'http://b_uclphys/Freedman_Stuart.htm'
 Error ('12007') - 'http://b_uclphys/persons/pages/heaviside_oliver.htm'
 Error ('12007') - 'http://b_uclphys/persons/pages/hove_leon.htm'
 Error ('12007') - 'http://b_uclphys/persons/pages/Zeilinger.htm'
 Error ('12007') - 'http://b_uclphys/persons/pages/zwicky_friz.htm'
 Error ('12007') - 'http://b_uclphys/persons/pages/chapman_sydney%20.htm'
 Error ('12007') - 'http://b_uclphys/persons/pages/shapiro_fedor.htm'
 Error ('12007') - 'http://b_uclphys/persons/pages/schwabe_heinrich.htm'
 Error ('12007') - 'http://b_uclphys/persons/pages/shifman_mikhail.htm'
 Error ('12007') - 'http://b_uclphys/persons/pages/shklovsky_iosif.htm'
 Error ('12007') - 'http://b_uclphys/persons/pages/schmidt_maarten.htm'
 Error ('12007') - 'http://b_uclphys/persons/pages/stueckelberg_ernst.htm'
 Error ('12007') - 'http://b_uclphys/persons/pages/Everett_III.htm'
 Error ('12007') - 'http://b_uclphys/persons/pages/elsasser_walter_maurice.htm'
 Error ('12007') - 'http://b_uclphys/persons/pages/ellis_charles_drummond.htm'
 Error ('12007') - 'http://b_uclphys/persons/pages/ehrenfest_paul.htm'
 Error ('12007') - 'http://b_uclphys/persons/pages/ernst_richard.htm'
 Error ('12007') - 'http://b_uclphys/persons/pages/urey_harold.htm'
 Error ('12007') - 'http://b_uclphys/persons/pictures.html'
 Error ('12007') - 'http://b_uclphys/persons/pages/mendeleev.htm'
 Error ('12007') - 'http://b_uclphys/persons/pages/curie_mp.htm'
 Error ('12007') - 'http://b_uclphys/persons/pages/geiger.htm'
 Error ('12007') - 'http://b_uclphys/persons/pages/marsden_ernst.htm'
 Error ('12007') - 'http://b_uclphys/persons/pages/hertzsprung_ejnar.htm'
 Error ('12007') - 'http://b_uclphys/persons/pages/russell_henry.htm'
 Error ('12007') - 'http://b_uclphys/persons/pages/eddington_arthur.htm'
 Error ('12007') - 'http://b_uclphys/persons/pages/fridman_aleksandr.htm'
 Error ('12007') - 'http://b_uclphys/persons/pages/uhlenbeck_george.htm'
 Error ('12007') - 'http://b_uclphys/persons/pages/goudsmit_samuel.htm'
 Error ('12007') - 'http://b_uclphys/persons/pages/jordan_pascual.htm'
 Error ('12007') - 'http://b_uclphys/persons/pages/fok_vladimir.htm'
 Error ('12007') - 'http://b_uclphys/persons/pages/klein_oskar.htm'
 Error ('12007') - 'http://b_uclphys/persons/pages/darwin_charles_d.htm'
 Error ('12007') - 'http://b_uclphys/persons/pages/hartree_douglas.htm'
 Error ('12007') - 'http://b_uclphys/persons/pages/condon_edward.htm'
 Error ('12007') - 'http://b_uclphys/persons/pages/gurney_ronald.htm'
 Error ('12007') - 'http://b_uclphys/persons/pages/nishina_yoshio.htm'
 Error ('12007') - 'http://b_uclphys/persons/pages/hubble_edwin_powell.htm'
 Error ('12007') - 'http://b_uclphys/persons/pages/van_de_graaff.htm'
 Error ('12007') - 'http://b_uclphys/persons/pages/joliot-curie_irene.htm'
 Error ('12007') - 'http://b_uclphys/persons/pages/joliot-curie_frederic.htm'
 Error ('12007') - 'http://b_uclphys/persons/pages/szilard_leo.htm'
 Error ('12007') - 'http://b_uclphys/persons/pages/kurchatov.htm'
 Error ('12007') - 'http://b_uclphys/persons/pages/kurchatov_boris.htm'
 Error ('12007') - 'http://b_uclphys/persons/pages/misovsky_lev.htm'
 Error ('12007') - 'http://b_uclphys/persons/pages/rusinov_lev.htm'
 Error ('12007') - 'http://b_uclphys/persons/pages/frenkel_iakov.htm'
 Error ('12007') - 'http://b_uclphys/persons/pages/neddermyer.htm'
 Error ('12007') - 'http://b_uclphys/persons/pages/critchfield_charles.htm'
 Error ('12007') - 'http://b_uclphys/persons/pages/wheeler.htm'
 Error ('12007') - 'http://b_uclphys/persons/pages/flerov.htm'
 Error ('12007') - 'http://b_uclphys/persons/pages/seaborg.htm'
 Error ('12007') - 'http://b_uclphys/persons/pages/mcmillan_edwin.htm'
 Error ('12007') - 'http://b_uclphys/persons/pages/pontecorvo.htm'
 Error ('12007') - 'http://b_uclphys/persons/pages/lattes_cesar.htm'
 Error ('12007') - 'http://b_uclphys/persons/pages/occhialini_giuseppe.htm'
 Error ('12007') - 'http://b_uclphys/persons/pages/rochester_george.htm'
 Error ('12007') - 'http://b_uclphys/persons/pages/marx_george.htm'
 Error ('12007') - 'http://b_uclphys/persons/pages/feshbach_herman.htm'
 Error ('12007') - 'http://b_uclphys/persons/pages/hoyle_fred.htm'
 Error ('12007') - 'http://b_uclphys/persons/pages/marshak_robert.htm'
 Error ('12007') - 'http://b_uclphys/persons/pages/sudarshan_ennackal.htm'
 Error ('12007') - 'http://b_uclphys/persons/pages/chudakov_aleksandr.htm'
 Error ('12007') - 'http://b_uclphys/persons/pages/solovjev_vadim.htm'
 Error ('12007') - 'http://b_uclphys/persons/pages/neeman_yuval.htm'
 Error ('12007') - 'http://b_uclphys/persons/pages/struminsky_boris.htm'
 Error ('12007') - 'http://b_uclphys/persons/pages/tavkhelidze_albert.htm'
 Error ('12007') - 'http://b_uclphys/persons/pages/moo_young_han.htm'
 Error ('12007') - 'http://b_uclphys/persons/pages/sakharov.htm'
 Error ('12007') - 'http://b_uclphys/persons/pages/prokoshkin_yury.htm'
 Error ('12007') - 'http://b_uclphys/persons/pages/hawking_stephen.htm'
 Error ('12007') - 'http://b_uclphys/spargalka/045_b.htm'
 Error ('12007') - 'http://b_uclphys/persons/pages/schwarz_john.htm'
 Error ('12007') - 'http://b_uclphys/anuc/anuc02.htm'
 Error ('12007') - 'http://b_uclphys/anuc/anuc03.htm'
 Error ('12007') - 'http://b_uclphys/anuc/anuc04.htm'
 Error ('12007') - 'http://b_uclphys/anuc/anuc05_6.htm'
 Error ('12007') - 'http://b_uclphys/anuc/anuc09.htm'
 Error ('12007') - 'http://b_uclphys/anuc/table.pdf'
 Error ('12007') - 'http://b_uclphys/misc/mesons.pdf'
 Error ('12007') - 'http://b_uclphys/misc/baryons.pdf'
 Error ('12007') - 'http://b_uclphys/nseminar/20042021.html'
 Error ('12007') - 'http://b_uclphys/nseminar/Eckart_Ruehl.pdf'
 Error ('12007') - 'http://b_uclphys/nseminar/SINP_New_SI_2021.pdf'
 Error ('12007') - 'http://b_uclphys/nseminar/Molodtsov.pdf'
 Error ('12007') - 'http://b_uclphys/nseminar/СЃРµСЂР±Рѕ.pdf'
 Error ('12007') - 'http://b_uclphys/nseminar/shabaev_mgu_21.pdf'
 Error ('12007') - 'http://b_uclphys/nseminar/SeminarMoscow_EE_public.pdf'
 Error ('12007') - 'http://b_uclphys/nseminar/talk-2020-2.pdf'
 Error ('12007') - 'http://b_uclphys/nseminar/01Р°.01.21.pdf'
 Error ('12007') - 'http://b_uclphys/nseminar/Р°СЃРї/РњРѕС€Р°СЂРµРІ%20РџРђ.pdf'
 Error ('12007') - 'http://b_uclphys/nseminar/Р°СЃРї/index.html'
 Error ('12007') - 'http://b_uclphys/nseminar/stud2/index.html'
 Error ('12007') - 'http://b_uclphys/nseminar/stud/index.html'
 Error ('12007') - 'http://b_uclphys/universiad/index.html'
 Error ('12007') - 'http://b_uclphys/nseminar/EHM2019_mokeev.pdf'
 Error ('12007') - 'http://b_uclphys/nseminar/17.03.20.pdf'
 Error ('12007') - 'http://b_uclphys/nseminar/03.03.20.pdf'
 Error ('12007') - 'http://b_uclphys/nseminar/18.02.20.pdf'
 Error ('12007') - 'http://b_uclphys/nseminar/10.12.19.pdf'
 Error ('12007') - 'http://b_uclphys/school/s19/Р”РѕРєР»Р°Рґ.pdf'
 Error ('12007') - 'http://b_uclphys/nseminar/19.11.19.pdf'
 Error ('12007') - 'http://b_uclphys/nseminar/12.11.19.pdf'
 Error ('12007') - 'http://b_uclphys/nseminar/22.10.19.pdf'
 Error ('12007') - 'http://b_uclphys/nseminar/22.10.19_2.pdf'
 Error ('12007') - 'http://b_uclphys/nseminar/22.10.19_3.pdf'
 Error ('12007') - 'http://b_uclphys/nseminar/22.10.19_4.pdf'
 Error ('12007') - 'http://b_uclphys/nseminar/08.10.19_.pdf'
 Error ('12007') - 'http://b_uclphys/nseminar/08.10.19.pdf'
 Error ('12007') - 'http://b_uclphys/nseminar/01.10.19.pdf'
 Error ('12007') - 'http://b_uclphys/nseminar/РђР¤Рў-95.pdf'
 Error ('12007') - 'http://b_uclphys/nseminar/27.08.19.pdf'
 Error ('12007') - 'http://b_uclphys/nseminar/09.07.19.pdf'
 Error ('12007') - 'http://b_uclphys/nseminar/02.07.19.pdf'
 Error ('12007') - 'http://b_uclphys/nseminar/NSTAR2019_mokeev_dsc.pdf'
 Error ('12007') - 'http://b_uclphys/lom/index.html'
 Error ('12007') - 'http://b_uclphys/nseminar/02.04.19.pdf'
 Error ('12007') - 'http://b_uclphys/nseminar/12.03.19.pdf'
 Error ('12007') - 'http://b_uclphys/nseminar/19.02.19.pdf'
 Error ('12007') - 'http://b_uclphys/nseminar/05.02.19.pdf'
 Error ('12007') - 'http://b_uclphys/nseminar/29.01.19.pdf'
 Error ('12007') - 'http://b_uclphys/nseminar/22.01.19.pdf'
 Error ('12007') - 'http://b_uclphys/nseminar/25.12.18.pdf'
 Error ('12007') - 'http://b_uclphys/nseminar/06.12.18.pdf'
 Error ('12007') - 'http://b_uclphys/nseminar/20.11.18.pdf'
 Error ('12007') - 'http://b_uclphys/nseminar/30.10.18.pdf'
 Error ('12007') - 'http://b_uclphys/nseminar/BSI_CLAS2018.pdf'
 Error ('12007') - 'http://b_uclphys/nseminar/25.09.18.pdf'
 Error ('12007') - 'http://b_uclphys/nseminar/11.09.18.pdf'
 Error ('12007') - 'http://b_uclphys/nseminar/hadron_mass18_mokeev-mod.pdf'
 Error ('12007') - 'http://b_uclphys/nseminar/22.05.18.pdf'
 Error ('12007') - 'http://b_uclphys/nseminar/lomonosov18/lom01.pdf'
 Error ('12007') - 'http://b_uclphys/nseminar/lomonosov18/lom02.pdf'
 Error ('12007') - 'http://b_uclphys/nseminar/lomonosov18/lom03.pdf'
 Error ('12007') - 'http://b_uclphys/nseminar/lomonosov18/lom04.pdf'
 Error ('12007') - 'http://b_uclphys/nseminar/lomonosov18/lom05.pdf'
 Error ('12007') - 'http://b_uclphys/nseminar/lomonosov18/lom06.pdf'
 Error ('12007') - 'http://b_uclphys/nseminar/lomonosov18/lom07.pdf'
 Error ('12007') - 'http://b_uclphys/nseminar/lomonosov18/lom08.pdf'
 Error ('12007') - 'http://b_uclphys/nseminar/lomonosov18/lom09.pdf'
 Error ('12007') - 'http://b_uclphys/nseminar/lomonosov18/lom10.pdf'
 Error ('12007') - 'http://b_uclphys/nseminar/17.04.18.pdf'
 Error ('12007') - 'http://b_uclphys/nseminar/Tverdislov.pdf'
 Error ('12007') - 'http://b_uclphys/nseminar/09.04.18.pdf'
 Error ('12007') - 'http://b_uclphys/depniseminar/Studenikin_2021.pdf'
 Error ('12007') - 'http://b_uclphys/depniseminar/413_2021/index.html'
 Error ('12007') - 'http://b_uclphys/depniseminar/213M_2021/index.htm'
 Error ('12007') - 'http://b_uclphys/depniseminar/Goncharova_2021.pdf'
 Error ('12007') - 'http://b_uclphys/depniseminar/Stopani_2021.pdf'
 Error ('12007') - 'http://b_uclphys/depniseminar/MatsievskiySV.pdf'
 Error ('12007') - 'http://b_uclphys/depniseminar/Yanovich_msu.pdf'
 Error ('12007') - 'http://b_uclphys/depniseminar/Lanskoy-Benford.pdf'
 Error ('12007') - 'http://b_uclphys/depniseminar/Vladimirova_25032021.pdf'
 Error ('12007') - 'http://b_uclphys/depniseminar/Ermakov_180321.pdf'
 Error ('12007') - 'http://b_uclphys/depniseminar/Gryzlova_SINP.pdf'
 Error ('12007') - 'http://b_uclphys/depniseminar/Kuznetcov04032021.pdf'
 Error ('12007') - 'http://b_uclphys/depniseminar/Fedorov26022021.pdf'
 Error ('12007') - 'http://b_uclphys/nucl/nuclchat.htm'
 Error ('12007') - 'http://b_uclphys/JL/2006.15566.pdf'
 Error ('12007') - 'http://b_uclphys/JL/disser.pdf'
 Error ('12007') - 'http://b_uclphys/JL/CLAS6_detector.pdf'
 Error ('12007') - 'http://b_uclphys/JL/vmu.pdf'
 Error ('12007') - 'http://b_uclphys/JL/mokeev_fin__CLAS0319-1.pdf'
 Error ('12007') - 'http://b_uclphys/JL/RevModPhys.91.011003.pdf'
 Error ('12007') - 'http://b_uclphys/JL/annurev-nucl-101917-021129.pdf'
 Error ('12007') - 'http://b_uclphys/JL/1509.05460.pdf'
 Error ('12007') - 'http://b_uclphys/JL/1212.4891.pdf'
 Error ('12007') - 'http://b_uclphys/JL/1801.09750.pdf'
 Error ('12007') - 'http://b_uclphys/JL/s41586-018-0060-z.pdf'
 Error ('12007') - 'http://b_uclphys/JL/SQCD_.pdf'
 Error ('12007') - 'http://b_uclphys/JL/PAC48_RGK_Jeopardy_final.pdf'
 Error ('12007') - 'http://b_uclphys/bd/bd0.htm'
 Error ('12007') - 'http://b_uclphys/bd/bd1.htm'
 Error ('12007') - 'http://b_uclphys/bd/bd3.htm'
 Error ('12007') - 'http://b_uclphys/bd/lit.htm'
 Error ('12007') - 'http://b_uclphys/ndb/ndb103.htm'
 Error ('12007') - 'http://b_uclphys/ndb/ndb104.htm'
 Error ('12007') - 'http://b_uclphys/ndb/ndb105.htm'
 Error ('12007') - 'http://b_uclphys/ndb/ndb109.htm'
 Error ('12007') - 'http://b_uclphys/ndb/ndb110.htm'
 Error ('12007') - 'http://b_uclphys/ndb/ndb111.htm'
 Error ('12007') - 'http://b_uclphys/ndb/ndb113.htm'
 Error ('12007') - 'http://b_uclphys/ndb/ndb114.htm'
 Error ('12007') - 'http://b_uclphys/ndb/ndb115.htm'
 Error ('12007') - 'http://b_uclphys/ndb/ndb117.htm'
 Error ('12007') - 'http://b_uclphys/ndb/ndb120.htm'
 Error ('12007') - 'http://b_uclphys/ndb/ndb121.htm'
 Error ('12007') - 'http://b_uclphys/ndb/ndb122.htm'
 Error ('12007') - 'http://b_uclphys/ndb/ndb21.htm'
 Error ('12007') - 'http://b_uclphys/ndb/ndb22.htm'
 Error ('12007') - 'http://b_uclphys/ndb/ndb23.htm'
 Error ('12007') - 'http://b_uclphys/ndb/ndb24.htm'
 Error ('12007') - 'http://b_uclphys/ndb/ndb26.htm'
 Error ('12007') - 'http://b_uclphys/ndb/ndb27.htm'
 Error ('12007') - 'http://b_uclphys/ndb/ndb28.htm'
 Error ('12007') - 'http://b_uclphys/ndb/ndb29.htm'
 Error ('12007') - 'http://b_uclphys/varl/10.11648.j.ajpa.20200805.11.pdf'
 Error ('12007') - 'http://b_uclphys/varl/Yad_Fiz_83_2020_2.pdf'
 Error ('12007') - 'http://b_uclphys/varl/PHAN1.pdf'
 Error ('12007') - 'http://b_uclphys/varl/NuclDatSh_163_2020_109-162.pdf'
 Error ('12007') - 'http://b_uclphys/varl/1930413.pdf'
 Error ('12007') - 'http://b_uclphys/varl/89Y_1920106.pdf'
 Error ('12007') - 'http://b_uclphys/varl/Memories_1910202.pdf'
 Error ('12007') - 'http://b_uclphys/varl/IFI0516.pdf'
 Error ('12007') - 'http://b_uclphys/varl/BRAS465.pdf'
 Error ('12007') - 'http://b_uclphys/varl/YF_82_196_2019.pdf'
 Error ('12007') - 'http://b_uclphys/varl/PHAN212.pdf'
 Error ('12007') - 'http://b_uclphys/varl/varlamov2019.pdf'
 Error ('12007') - 'http://b_uclphys/varl/YADF16.pdf'
 Error ('12007') - 'http://b_uclphys/varl/PHAN13.pdf'
 Error ('12007') - 'http://b_uclphys/varl/PhysRevC.99.024608.pdf'
 Error ('12007') - 'http://b_uclphys/varl/РЈР—Р¤Р¤Рњ_4-2018-1840201.pdf'
 Error ('12007') - 'http://b_uclphys/varl/1830201.pdf'
 Error ('12007') - 'http://b_uclphys/varl/VMGU-1-68-2018.pdf'
 Error ('12007') - 'http://b_uclphys/varl/MUPB-73-1-68-2018.pdf'
 Error ('12007') - 'http://b_uclphys/varl/IFIO693.pdf'
 Error ('12007') - 'http://b_uclphys/varl/BRAS614.pdf'
 Error ('12007') - 'http://b_uclphys/varl/epja104437.pdf'
 Error ('12007') - 'http://b_uclphys/varl/РЈР—Р¤Р¤Рњ_3-2017-173202.pdf'
 Error ('12007') - 'http://b_uclphys/varl/BRAS670.pdf'
 Error ('12007') - 'http://b_uclphys/varl/BRAS664.pdf'
 Error ('12007') - 'http://b_uclphys/varl/YADF632.pdf'
 Error ('12007') - 'http://b_uclphys/varl/PHAN1106.pdf'
 Error ('12007') - 'http://b_uclphys/varl/YADF554.pdf'
 Error ('12007') - 'http://b_uclphys/varl/PHAN957.pdf'
 Error ('12007') - 'http://b_uclphys/varl/ishkhanov2017.pdf'
 Error ('12007') - 'http://b_uclphys/varl/epja104003.pdf'
 Error ('12007') - 'http://b_uclphys/varl/PhysRevC.96.044606.pdf'
 Error ('12007') - 'http://b_uclphys/varl/PhysRevC.95.054607.pdf'
 Error ('12007') - 'http://b_uclphys/varl/IFI0351.pdf'
 Error ('12007') - 'http://b_uclphys/varl/YADF315.pdf'
 Error ('12007') - 'http://b_uclphys/varl/PHAN501.pdf'
 Error ('12007') - 'http://b_uclphys/varl/YADF797.pdf'
 Error ('12007') - 'http://b_uclphys/varl/PHAN746.pdf'
 Error ('12007') - 'http://b_uclphys/varl/YADF678.pdf'
 Error ('12007') - 'http://b_uclphys/varl/PHAN634.pdf'
 Error ('12007') - 'http://b_uclphys/varl/IFI0599.pdf'
 Error ('12007') - 'http://b_uclphys/varl/BRAS412.pdf'
 Error ('12007') - 'http://b_uclphys/varl/EPJ_A50_114_2014.pdf'
 Error ('12007') - 'http://b_uclphys/lect/Youtube/Р’С‹СЃС‚СѓРїР»РµРЅРёРµ%20(1/2)'
 Error ('12007') - 'http://b_uclphys/mfk20/mfk19_01.htm'
 Error ('12007') - 'http://b_uclphys/mfk20/mfk19_02.htm'
 Error ('12007') - 'http://b_uclphys/mfk20/mfk19_03.htm'
 Error ('12007') - 'http://b_uclphys/mfk20/mfk19_04.htm'
 Error ('12007') - 'http://b_uclphys/mfk20/mfk19_05.htm'
 Error ('12007') - 'http://b_uclphys/mfk20/mfk19_06.htm'
 Error ('12007') - 'http://b_uclphys/mfk20/mfk19_07.htm'
 Error ('12007') - 'http://b_uclphys/mfk20/mfk19_08.htm'
 Error ('12007') - 'http://b_uclphys/mfk20/mfk19_09.htm'
 Error ('12007') - 'http://b_uclphys/mfk20/mfk19_10.htm'
 Error ('12007') - 'http://b_uclphys/mfk19b/mfk19-01.htm'
 Error ('12007') - 'http://b_uclphys/mfk19b/mfk19-02.htm'
 Error ('12007') - 'http://b_uclphys/mfk19b/mfk19-03.htm'
 Error ('12007') - 'http://b_uclphys/mfk19b/mfk19-04.htm'
 Error ('12007') - 'http://b_uclphys/mfk19b/mfk19-05.htm'
 Error ('12007') - 'http://b_uclphys/mfk19b/mfk19-06.htm'
 Error ('12007') - 'http://b_uclphys/mfk19b/mfk19-07.htm'
 Error ('12007') - 'http://b_uclphys/mfk19b/mfk19-08.htm'
 Error ('12007') - 'http://b_uclphys/mfk19b/mfk19-09.htm'
 Error ('12007') - 'http://b_uclphys/mfk19b/mfk19-10.htm'
 Error ('12007') - 'http://b_uclphys/mfk19b/mfk19-11.htm'
 Error ('12007') - 'http://b_uclphys/mfk19b/mfk19-12.htm'
 Error ('12007') - 'http://b_uclphys/mfk19b/mfk19-13.htm'
 Error ('12007') - 'http://b_uclphys/mfk19b/mfk19-14.htm'
 Error ('12007') - 'http://b_uclphys/radiation/rad_1.htm'
 Error ('12007') - 'http://b_uclphys/radiation/rad_2.htm'
 Error ('12007') - 'http://b_uclphys/radiation/rad_3.htm'
 Error ('12007') - 'http://b_uclphys/radiation/rad_4.htm'
 Error ('12007') - 'http://b_uclphys/radiation/rad_7.htm'
 Error ('12007') - 'http://b_uclphys/radiation/rad_8.htm'
 Error ('12007') - 'http://b_uclphys/radiation/rad_9.htm'
 Error ('12007') - 'http://b_uclphys/radiation/rad_11.htm'
 Error ('12007') - 'http://b_uclphys/radiation/rad_12.htm'
 Error ('12007') - 'http://b_uclphys/radiation/primery%20zadach.htm'
 Error ('12007') - 'http://b_uclphys/radiation/problems/index.html'
 Error ('12007') - 'http://b_uclphys/radiation/literatura.htm'
 Error ('12007') - 'http://b_uclphys/ecology/ecol/authors.htm'
 Error ('12007') - 'http://b_uclphys/ecology/ecol/ecol0.htm'
 Error ('12007') - 'http://b_uclphys/ecology/ecol/ecol01.htm'
 Error ('12007') - 'http://b_uclphys/ecology/ecol/ecol02.htm'
 Error ('12007') - 'http://b_uclphys/ecology/ecol/ecol03.htm'
 Error ('12007') - 'http://b_uclphys/ecology/ecol/ecol04.htm'
 Error ('12007') - 'http://b_uclphys/ecology/ecol/ecol06.htm'
 Error ('12007') - 'http://b_uclphys/ecology/isotopes/Astatine.pdf'
 Error ('12007') - 'http://b_uclphys/ecology/isotopes/Bromine.pdf'
 Error ('12007') - 'http://b_uclphys/ecology/isotopes/iodum.pdf'
 Error ('12007') - 'http://b_uclphys/ecology/isotopes/Manganese.pdf'
 Error ('12007') - 'http://b_uclphys/ecology/isotopes/Plutonium.pdf'
 Error ('12007') - 'http://b_uclphys/ecology/isotopes/Rhenium.pdf'
 Error ('12007') - 'http://b_uclphys/ecology/isotopes/Strontium.pdf'
 Error ('12007') - 'http://b_uclphys/ecology/isotopes/Technetium.pdf'
 Error ('12007') - 'http://b_uclphys/ecology/isotopes/Fluorine.pdf'
 Error ('12007') - 'http://b_uclphys/ecology/isotopes/Chlorine.pdf'
 Error ('12007') - 'http://b_uclphys/ecology/isotopes/cesium.pdf'
 Error ('12007') - 'http://b_uclphys/ecology/isotopes/Ruthenium-106.htm'
 Error ('12007') - 'http://b_uclphys/ecology/public/radium.htm'
 Error ('12007') - 'http://b_uclphys/experiment/neutr_gen/dragon.htm'
 Error ('12007') - 'http://b_uclphys/recipes/ethnic/fin.htm'
 Error ('12007') - 'http://b_uclphys/ecology/fukushima/experts.htm'
 Error ('12007') - 'http://b_uclphys/thpu/thpu0.pdf'
 Error ('12007') - 'http://b_uclphys/thpu/thpu_p2.pdf'
 Error ('12007') - 'http://b_uclphys/thpu/thpu03.pdf'
 Error ('12007') - 'http://b_uclphys/thpu/thpu04.pdf'
 Error ('12007') - 'http://b_uclphys/thpu/thpu05-6.pdf'
 Error ('12007') - 'http://b_uclphys/thpu/thpu07.pdf'
 Error ('12007') - 'http://b_uclphys/thpu/thpu09.pdf'
 Error ('12007') - 'http://b_uclphys/thpu/thpu10.pdf'
 Error ('12007') - 'http://b_uclphys/thpu/thpu_p1.pdf'
 Error ('12007') - 'http://b_uclphys/thpu/thpu_2ed.pdf'
 Error ('12007') - 'http://b_uclphys/thpu/thpu_p3_4_lit.pdf'
 Error ('12007') - 'http://b_uclphys/thpu/nucasrtmeth.pdf'
 Error ('12007') - 'http://b_uclphys/radiat/br.htm'
 Error ('12007') - 'http://b_uclphys/radiat/tr.htm'
 Error ('12007') - 'http://b_uclphys/radiat/vc.htm'
 Error ('12007') - 'http://b_uclphys/radiat/synch.htm'
 Error ('12007') - 'http://b_uclphys/radiat/und.htm'
 Error ('12007') - 'http://b_uclphys/radiat/las.htm'
 Error ('12007') - 'http://b_uclphys/nuc_techn/nt.htm'
 Error ('12007') - 'http://b_uclphys/nuc_techn/reactors/index.html'
 Error ('12007') - 'http://b_uclphys/photon/photmed.htm'
 Error ('12007') - 'http://b_uclphys/nucmodl/m025.htm'
 Error ('12007') - 'http://b_uclphys/nucmodl/m031.htm'
 Error ('12007') - 'http://b_uclphys/ufn/r677f.pdf'
 Error ('12007') - 'http://b_uclphys/nuc_techn/activ_analy.htm'
 Error ('12007') - 'http://b_uclphys/photon/mesb.pdf'
 Error ('12007') - 'http://b_uclphys/UFN/r685b.pdf'
 Error ('12007') - 'http://b_uclphys/nuc_techn/med/tom.htm'
 Error ('12007') - 'http://b_uclphys/nuc_techn/med/lit.htm'
 Error ('12007') - 'http://b_uclphys/spargalka/a37i.htm'
 Error ('12007') - 'http://b_uclphys/spargalka/a14i.htm'
 Error ('12007') - 'http://b_uclphys/spargalka/051i.htm'
 Error ('12007') - 'http://b_uclphys/spargalka/052i.htm'
 Error ('12007') - 'http://b_uclphys/spargalka/a17i.htm'
 Error ('12007') - 'http://b_uclphys/spargalka/033i.htm'
 Error ('12007') - 'http://b_uclphys/neutrino/uen/index.html'
 Error ('12007') - 'http://b_uclphys/neutrino/Studenikin_2012_05_16.pdf'
 Error ('12007') - 'http://b_uclphys/neutrino/Gavrin_SN-MGU.pdf'
 Error ('12007') - 'http://b_uclphys/neutrino/Lukash-13-10-2010.pdf'
 Error ('12007') - 'http://b_uclphys/neutrino/ryazhskaya.pdf'
 Error ('12007') - 'http://b_uclphys/neutrino/Studenikin-29-09-2010.pdf'
 Error ('12007') - 'http://b_uclphys/conf/Mosca-MSU-seminario1.pdf'
 Error ('12007') - 'http://b_uclphys/neutrino/giunti-120215-msu.pdf'
 Error ('12007') - 'http://b_uclphys/neutrino/mikheyev.pdf'
 Error ('12007') - 'http://b_uclphys/neutrino/Berezinsky-14-04-2010.pdf'
 Error ('12007') - 'http://b_uclphys/neutrino/Balantsev-02-11-2010.pdf'
 Error ('12007') - 'http://b_uclphys/neutrino/Lokhov-02-11-2010.pdf'
 Error ('12007') - 'http://b_uclphys/neutrino/Egorov-02-11-2010.pdf'
 Error ('12007') - 'http://b_uclphys/neutrino/Medvedev-02-11-2010.pdf'
 Error ('12007') - 'http://b_uclphys/neutrino/Korablev-02-11-2010.pdf'
 Error ('12007') - 'http://b_uclphys/neutrino/video/rubakov.htm'
 Error ('12007') - 'http://b_uclphys/neutrino/video/gavrin_1.htm'
 Error ('12007') - 'http://b_uclphys/neutrino/video/gavrin/gavrin_fr.htm'
 Error ('12007') - 'http://b_uclphys/neutrino/video/fre.htm'
 Error ('12007') - 'http://b_uclphys/neutrino/video/studenikin.htm'
 Error ('12007') - 'http://b_uclphys/news/kamland/index.html'
 Error ('12007') - 'http://b_uclphys/nucmodl/m052.html'
 Error ('12007') - 'http://b_uclphys/nucmodl/m050.html'
 Error ('12007') - 'http://b_uclphys/nucmodl/m047.html'
 Error ('12007') - 'http://b_uclphys/nucmodl/m045.html'
 Error ('12007') - 'http://b_uclphys/nucmodl/m009.htm'
 Error ('12007') - 'http://b_uclphys/nucmodl/m035.htm'
 Error ('12007') - 'http://b_uclphys/nucmodl/neutrosc.htm'
 Error ('12007') - 'http://b_uclphys/nucmodl/m021.htm'
 Error ('12007') - 'http://b_uclphys/nucmodl/m008.htm'
 Error ('12007') - 'http://b_uclphys/neutrino/nob044a.pdf'
 Error ('12007') - 'http://b_uclphys/neutrino/nob044c.pdf'
 Error ('12007') - 'http://b_uclphys/neutrino/nob044d.pdf'
 Error ('12007') - 'http://b_uclphys/neutrino/v34p5_04.pdf'
 Error ('12007') - 'http://b_uclphys/neutrino/r978b.pdf'
 Error ('12007') - 'http://b_uclphys/neutrino/0311343.pdf'
 Error ('12007') - 'http://b_uclphys/neutrino/0305245.pdf'
 Error ('12007') - 'http://b_uclphys/neutrino/0403068.pdf'
 Error ('12007') - 'http://b_uclphys/neutrino/0703247v1.pdf'
 Error ('12007') - 'http://b_uclphys/students/acustdet/index.html'
 Error ('12007') - 'http://b_uclphys/students/nu/index.html'
 Error ('12007') - 'http://b_uclphys/students/MINOS/index.html'
 Error ('12007') - 'http://b_uclphys/neutrino/newtrino_s/Neutrino%20factory.htm'
 Error ('12007') - 'http://b_uclphys/students/GERDA/index.html'
 Error ('12007') - 'http://b_uclphys/students/OPERA/index.html'
 Error ('12007') - 'http://b_uclphys/students/cuore.htm'
 Error ('12007') - 'http://b_uclphys/students/COBRA/index.html'
 Error ('12007') - 'http://b_uclphys/students/EXO/index.html'
 Error ('12007') - 'http://b_uclphys/students/NEMO-3/index.html'
 Error ('12007') - 'http://b_uclphys/students/homestake/index.html'
 Error ('12007') - 'http://b_uclphys/neutrino/newtrino_s/hanohano.htm'
 Error ('12007') - 'http://b_uclphys/students/SNO+/index.html'
 Error ('12007') - 'http://b_uclphys/students/ANTARES/index.html'
 Error ('12007') - 'http://b_uclphys/students/nemo/index.html'
 Error ('12007') - 'http://b_uclphys/students/icecube/index.html'
 Error ('12007') - 'http://b_uclphys/students/nova/index.html'
 Error ('12007') - 'http://b_uclphys/neutrino/newtrino_s/R&C.html'
 Error ('12007') - 'http://b_uclphys/neutrino/newtrino_s/sbr.htm'
 Error ('12007') - 'http://b_uclphys/neutrino/newtrino_s/nes.htm'
 Error ('12007') - 'http://b_uclphys/neutrino/newtrino_s/nom.htm'
 Error ('12007') - 'http://b_uclphys/students/km3/index.htm'
 Error ('12007') - 'http://b_uclphys/books/astro/The-p-process-of-stellar-nucleosynthesis--astrophysics-and-n_2003_Physics-Re.pdf'
 Error ('12007') - 'http://b_uclphys/shn/shn01n.htm'
 Error ('12007') - 'http://b_uclphys/shn/shn04n.htm'
 Error ('12007') - 'http://b_uclphys/shn/shn05n.htm'
 Error ('12007') - 'http://b_uclphys/shn/shn06n.htm'
 Error ('12007') - 'http://b_uclphys/shn/lit.htm'
 Error ('12007') - 'http://b_uclphys/dbd/dbd01_1.htm'
 Error ('12007') - 'http://b_uclphys/dbd/dbd02.htm'
 Error ('12007') - 'http://b_uclphys/dbd/dbd03.htm'
 Error ('12007') - 'http://b_uclphys/dbd/dbd05.htm'
 Error ('12007') - 'http://b_uclphys/dbd/dbd06.htm'
 Error ('12007') - 'http://b_uclphys/dbd/dbd07.htm'
 Error ('12007') - 'http://b_uclphys/dbd/dbd08.htm'
 Error ('12007') - 'http://b_uclphys/dbd/dbd09.htm'
 Error ('12007') - 'http://b_uclphys/dbd/dbd10.htm'
 Error ('12007') - 'http://b_uclphys/dbd/dbd11.htm'
 Error ('12007') - 'http://b_uclphys/dbd/dbd12.htm'
 Error ('12007') - 'http://b_uclphys/dbd/dbd13.htm'
 Error ('12007') - 'http://b_uclphys/bm/bm01.htm'
 Error ('12007') - 'http://b_uclphys/bm/bm04.files'
 Error ('12007') - 'http://b_uclphys/bm/bm05.htm'
 Error ('12007') - 'http://b_uclphys/bm/bm07.htm'
 Error ('12007') - 'http://b_uclphys/bm/bm08.htm'
 Error ('12007') - 'http://b_uclphys/bm/bm09.htm'
 Error ('12007') - 'http://b_uclphys/bm/bm11.htm'
 Error ('12007') - 'http://b_uclphys/nseminar/26.11.14.pdf'
 Error ('12007') - 'http://b_uclphys/students/newdm.pdf'
 Error ('12007') - 'http://b_uclphys/students/WIMP/index.html'
 Error ('12007') - 'http://b_uclphys/bm/gte.htm'
 Error ('12007') - 'http://b_uclphys/gw/gw_k.htm'
 Error ('12007') - 'http://b_uclphys/gw/gw_p.htm'
 Error ('12007') - 'http://b_uclphys/nucmodl/m026.htm'
 Error ('12007') - 'http://b_uclphys/nucmodl/m027.htm'
 Error ('12007') - 'http://b_uclphys/nucmodl/m028.htm'
 Error ('12007') - 'http://b_uclphys/UFN/r963d.pdf'
 Error ('12007') - 'http://b_uclphys/ucn/r045d.pdf'
 Error ('12007') - 'http://b_uclphys/ucn/r196c.pdf'
 Error ('12007') - 'http://b_uclphys/reactors/FissionYield_IAEA.pdf'
 Error ('12007') - 'http://b_uclphys/ne/ne1.htm'
 Error ('12007') - 'http://b_uclphys/ne/ne2.htm'
 Error ('12007') - 'http://b_uclphys/ne/ne3.htm'
 Error ('12007') - 'http://b_uclphys/ne/ne4.htm'
 Error ('12007') - 'http://b_uclphys/ne/ne5.htm'
 Error ('12007') - 'http://b_uclphys/ne/ne6.htm'
 Error ('12007') - 'http://b_uclphys/ne/ne7.htm'
 Error ('12007') - 'http://b_uclphys/ne/ne8.htm'
 Error ('12007') - 'http://b_uclphys/ne/ne9.htm'
 Error ('12007') - 'http://b_uclphys/ne/ne10.htm'
 Error ('12007') - 'http://b_uclphys/ne/ne11.htm'
 Error ('12007') - 'http://b_uclphys/ne/lit.htm'
 Error ('12007') - 'http://b_uclphys/UFN/r212d.pdf'
 Error ('12007') - 'http://b_uclphys/UFN/r221c.pdf'
 Error ('12007') - 'http://b_uclphys/UFN/r221f.pdf'
 Error ('12007') - 'http://b_uclphys/UFN/r234c.pdf'
 Error ('12007') - 'http://b_uclphys/UFN/r244a.pdf'
 Error ('12007') - 'http://b_uclphys/UFN/r251b.pdf'
 Error ('12007') - 'http://b_uclphys/UFN/r251c.pdf'
 Error ('12007') - 'http://b_uclphys/UFN/r251d.pdf'
 Error ('12007') - 'http://b_uclphys/UFN/r271a.pdf'
 Error ('12007') - 'http://b_uclphys/UFN/r275f.pdf'
 Error ('12007') - 'http://b_uclphys/UFN/r276e.pdf'
 Error ('12007') - 'http://b_uclphys/UFN/r281c.pdf'
 Error ('12007') - 'http://b_uclphys/UFN/r283f.pdf'
 Error ('12007') - 'http://b_uclphys/UFN/r282a.pdf'
 Error ('12007') - 'http://b_uclphys/UFN/r285a.pdf'
 Error ('12007') - 'http://b_uclphys/UFN/r285b.pdf'
 Error ('12007') - 'http://b_uclphys/UFN/r294a.pdf'
 Error ('12007') - 'http://b_uclphys/UFN/r284c.pdf'
 Error ('12007') - 'http://b_uclphys/UFN/r294b.pdf'
 Error ('12007') - 'http://b_uclphys/UFN/r294c.pdf'
 Error ('12007') - 'http://b_uclphys/UFN/r295b.pdf'
 Error ('12007') - 'http://b_uclphys/UFN/r295c.pdf'
 Error ('12007') - 'http://b_uclphys/UFN/r301a.pdf'
 Error ('12007') - 'http://b_uclphys/UFN/r301b.pdf'
 Error ('12007') - 'http://b_uclphys/UFN/r301c.pdf'
 Error ('12007') - 'http://b_uclphys/UFN/r302b.pdf'
 Error ('12007') - 'http://b_uclphys/UFN/r304d.pdf'
 Error ('12007') - 'http://b_uclphys/UFN/r309a.pdf'
 Error ('12007') - 'http://b_uclphys/UFN/r314a.pdf'
 Error ('12007') - 'http://b_uclphys/UFN/r315e.pdf'
 Error ('12007') - 'http://b_uclphys/UFN/r321_b.pdf'
 Error ('12007') - 'http://b_uclphys/UFN/r323_f.pdf'
 Error ('12007') - 'http://b_uclphys/UFN/r329_e.pdf'
 Error ('12007') - 'http://b_uclphys/UFN/r328_b.pdf'
 Error ('12007') - 'http://b_uclphys/UFN/r328_c.pdf'
 Error ('12007') - 'http://b_uclphys/UFN/r329_b.pdf'
 Error ('12007') - 'http://b_uclphys/UFN/r329_c.pdf'
 Error ('12007') - 'http://b_uclphys/UFN/r329_d.pdf'
 Error ('12007') - 'http://b_uclphys/UFN/r329_g.pdf'
 Error ('12007') - 'http://b_uclphys/UFN/r329_i.pdf'
 Error ('12007') - 'http://b_uclphys/UFN/r331a.pdf'
 Error ('12007') - 'http://b_uclphys/UFN/r331c.pdf'
 Error ('12007') - 'http://b_uclphys/UFN/r337_b.pdf'
 Error ('12007') - 'http://b_uclphys/UFN/r337_c.pdf'
 Error ('12007') - 'http://b_uclphys/UFN/r339_a.pdf'
 Error ('12007') - 'http://b_uclphys/UFN/r3311_a.pdf'
 Error ('12007') - 'http://b_uclphys/UFN/r3311_g.pdf'
 Error ('12007') - 'http://b_uclphys/UFN/r341e.pdf'
 Error ('12007') - 'http://b_uclphys/UFN/r341f.pdf'
 Error ('12007') - 'http://b_uclphys/UFN/r341i.pdf'
 Error ('12007') - 'http://b_uclphys/UFN/r342b.pdf'
 Error ('12007') - 'http://b_uclphys/UFN/r341j.pdf'
 Error ('12007') - 'http://b_uclphys/UFN/r343_g.pdf'
 Error ('12007') - 'http://b_uclphys/UFN/r344_a.pdf'
 Error ('12007') - 'http://b_uclphys/UFN/r348a.pdf'
 Error ('12007') - 'http://b_uclphys/UFN/r348b.pdf'
 Error ('12007') - 'http://b_uclphys/UFN/r351a.pdf'
 Error ('12007') - 'http://b_uclphys/UFN/r351b.pdf'
 Error ('12007') - 'http://b_uclphys/UFN/r352b.pdf'
 Error ('12007') - 'http://b_uclphys/UFN/r352c.pdf'
 Error ('12007') - 'http://b_uclphys/UFN/r352e.pdf'
 Error ('12007') - 'http://b_uclphys/UFN/r353c.pdf'
 Error ('12007') - 'http://b_uclphys/UFN/r354f.pdf'
 Error ('12007') - 'http://b_uclphys/UFN/r354g.pdf'
 Error ('12007') - 'http://b_uclphys/UFN/r357c.pdf'
 Error ('12007') - 'http://b_uclphys/UFN/r357f.pdf'
 Error ('12007') - 'http://b_uclphys/UFN/r358f.pdf'
 Error ('12007') - 'http://b_uclphys/UFN/r361_a.pdf'
 Error ('12007') - 'http://b_uclphys/UFN/r361_f.pdf'
 Error ('12007') - 'http://b_uclphys/UFN/r363_d.pdf'
 Error ('12007') - 'http://b_uclphys/UFN/r364_a.pdf'
 Error ('12007') - 'http://b_uclphys/UFN/r364_c.pdf'
 Error ('12007') - 'http://b_uclphys/UFN/r365_b.pdf'
 Error ('12007') - 'http://b_uclphys/UFN/r365_e.pdf'
 Error ('12007') - 'http://b_uclphys/UFN/r364_d.pdf'
 Error ('12007') - 'http://b_uclphys/UFN/r366_d.pdf'
 Error ('12007') - 'http://b_uclphys/UFN/r367_f.pdf'
 Error ('12007') - 'http://b_uclphys/UFN/r372_c.pdf'
 Error ('12007') - 'http://b_uclphys/UFN/r373_a.pdf'
 Error ('12007') - 'http://b_uclphys/UFN/r377_e.pdf'
 Error ('12007') - 'http://b_uclphys/UFN/r378_d.pdf'
 Error ('12007') - 'http://b_uclphys/UFN/r378_e.pdf'
 Error ('12007') - 'http://b_uclphys/UFN/r378_f.pdf'
 Error ('12007') - 'http://b_uclphys/UFN/r378_h.pdf'
Ошибка (HTTP код 404) - 'http://www.jinr.ru/~jinrmag/foto/2010/ba26-3.jpg'
Ошибка (HTTP код 404) - 'http://www.jinr.ru/~jinrmag/foto/2010/ba26-1.jpg'
Ошибка (HTTP код 404) - 'http://www.jinr.ru/~jinrmag/foto/2010/ba26-2.jpg'
Ошибка (HTTP код 404) - 'http://www.jinr.ru/~jinrmag/foto/2010/ba26-4.jpg'
Ошибка (HTTP код 404) - 'http://b_uclphys/students/nphm/02_Р¤СѓСЂСЃРѕРІР°_tt.files/image047.gif'
Ошибка (HTTP код 404) - 'http://b_uclphys/students/CDF/images/cdf03.jpg'
Ошибка (HTTP код 404) - 'http://b_uclphys/students/TRD/images/image004.gif'
 Error ('12007') - 'http://aliceinfo.cern.ch/Public/Objects/Chapter2/DetectorComponents/TOFPrinciple.gif'
Ошибка (HTTP код 300) - 'http://b_uclphys/sem2/sem07.files/image101.jpg'
Ошибка (HTTP код 404) - 'http://b_uclphys/antimatter/ant8.html'
Ошибка (HTTP код 404) - 'http://www.ps.uci.edu/physics/Images/nobel/poltergeists.jpg'
Ошибка (HTTP код 404) - 'http://b_uclphys/astro/elp06.htm'
Ошибка (HTTP код 404) - 'http://b_uclphys/nas/rio/RIO_LENA/Игнатова/Work/НИИЯФ/2квартал2011/Гончарова/Книга3_ред.pdf'
Ошибка (HTTP код 404) - 'http://b_uclphys/sem2/sem02a.html'
Ошибка (HTTP код 404) - 'http://b_uclphys/fdiag/88><'
Ошибка (HTTP код 300) - 'http://b_uclphys/experiment/detectors/det_c/ALICE'
Ошибка (HTTP код 404) - 'http://b_uclphys/kinematics/ch13.htm'
Ошибка (HTTP код 300) - 'http://b_uclphys/kinematics/ch15.pdf'
Ошибка (HTTP код 404) - 'http://b_uclphys/bd/Main_Cor_inf'
Ошибка (HTTP код 404) - 'http://b_uclphys/bd/Main_Add_inf'
Ошибка (HTTP код 404) - 'http://b_uclphys/colliders/co4.htm'
Ошибка (HTTP код 300) - 'http://b_uclphys/sem2/problems/pr1010.files/image002.gif'
Ошибка (HTTP код 300) - 'http://b_uclphys/sem2/problems/pr1010.files/image004.gif'
Ошибка (HTTP код 404) - 'http://b_uclphys/butler_stuart.htm'
Ошибка (HTTP код 404) - 'http://b_uclphys/spargalka/index_.html'
Ошибка (HTTP код 404) - 'http://b_uclphys/lect/kapitonov2019/indexold.html'
Ошибка (HTTP код 300) - 'http://b_uclphys/simages/splank'
Ошибка (HTTP код 404) - 'https://ru.wikipedia.org/wiki/Castle_Romeo.jpg'
Ошибка (HTTP код 404) - 'https://ru.wikipedia.org/wiki/://commons.wikimedia.org/wiki/File:Castle_Romeo.jpg?uselang=ru'
Ошибка (HTTP код 400) - 'https://ru.wikipedia.org/wiki/://commons.wikimedia.org/wiki/://ru.wikipedia.org/wiki///commons.wikimedia.org/wiki/://ru.wikipedia.org/wiki///commons.wikimedia.org/wiki/://ru.wikipedia.org/wiki///commons.wikimedia.org/wiki/://ru.wikipedia.org/wiki///commons.wikimedia.org/wiki/://ru.wikipedia.org/wiki///commons.wikimedia.org/wiki/://ru.wikipedia.org/wiki///commons.wikimedia.org/wiki/://ru.wikipedia.org/wiki///commons.wikimedia.org/wiki/File:Castle_Romeo.jpg'
 Error ('File is being downloaded by another thread') - 'D:\web\particles barion\ru.wikipedia.org\wiki\Р¤Р°Р№Р»_Castle_Romeo.html'
 Error ('Can't create directory') - 'D:\web\particles barion\upload.wikimedia.org\wikipedia\commons\thumb\1\19\Castle_Romeo.jpg'
 Error ('Can't create directory') - 'D:\web\particles barion\upload.wikimedia.org\wikipedia\commons\thumb\1\19\Castle_Romeo.jpg'
Ошибка (HTTP код 404) - 'https://ru.wikipedia.org/wiki/Operation_Castle_-_Romeo_001.jpg'
Ошибка (HTTP код 400) - 'https://ru.wikipedia.org/wiki/mons.wikimedia.org/wiki/://ru.wikipedia.org/wiki/Mons.wikimedia.org/wiki/://ru.wikipedia.org/wiki/Mons.wikimedia.org/wiki/://ru.wikipedia.org/wiki/Mons.wikimedia.org/wiki/://ru.wikipedia.org/wiki/Mons.wikimedia.org/wiki/://ru.wikipedia.org/wiki/Mons.wikimedia.org/wiki/://ru.wikipedia.org/wiki/Mons.wikimedia.org/wiki/://ru.wikipedia.org/wiki/Mons.wikimedia.org/wiki/File:Operation_Castle_-_Romeo_001.jpg'
Ошибка (HTTP код 400) - 'https://ru.wikipedia.org/wiki/mons.wikimedia.org/wiki/://ru.wikipedia.org/wiki/Mons.wikimedia.org/wiki/://ru.wikipedia.org/wiki/Mons.wikimedia.org/wiki/://ru.wikipedia.org/wiki/Mons.wikimedia.org/wiki/://ru.wikipedia.org/wiki/Mons.wikimedia.org/wiki/://ru.wikipedia.org/wiki/Mons.wikimedia.org/wiki/://ru.wikipedia.org/wiki/Mons.wikimedia.org/wiki/://ru.wikipedia.org/wiki/Mons.wikimedia.org/wiki/File:Castle_Romeo_Atmospheric_Testing_Cropped.jpg'
Ошибка (HTTP код 400) - 'https://ru.wikipedia.org/wiki/mons.wikimedia.org/wiki/://ru.wikipedia.org/wiki/Mons.wikimedia.org/wiki/://ru.wikipedia.org/wiki/Mons.wikimedia.org/wiki/://ru.wikipedia.org/wiki/Mons.wikimedia.org/wiki/://ru.wikipedia.org/wiki/Mons.wikimedia.org/wiki/://ru.wikipedia.org/wiki/Mons.wikimedia.org/wiki/://ru.wikipedia.org/wiki/Mons.wikimedia.org/wiki/://ru.wikipedia.org/wiki/Mons.wikimedia.org/wiki/File:Extracted_image_icon.png'
Ошибка (HTTP код 404) - 'https://ru.wikipedia.org/wiki/Castle_Romeo_Atmospheric_Testing_Cropped.jpg'
Ошибка (HTTP код 404) - 'https://ru.wikipedia.org/wiki/Greenhouse_George.jpg'
Ошибка (HTTP код 404) - 'https://ru.wikipedia.org/wiki/://commons.wikimedia.org/wiki/File:Greenhouse_George.jpg?uselang=ru'
 Error ('File is being downloaded by another thread') - 'D:\web\particles barion\ru.wikipedia.org\wiki\Р¤Р°Р№Р»_Greenhouse_George.html'
Ошибка (HTTP код 400) - 'https://ru.wikipedia.org/wiki/://commons.wikimedia.org/wiki/://ru.wikipedia.org/wiki///commons.wikimedia.org/wiki/://ru.wikipedia.org/wiki///commons.wikimedia.org/wiki/://ru.wikipedia.org/wiki///commons.wikimedia.org/wiki/://ru.wikipedia.org/wiki///commons.wikimedia.org/wiki/://ru.wikipedia.org/wiki///commons.wikimedia.org/wiki/://ru.wikipedia.org/wiki///commons.wikimedia.org/wiki/://ru.wikipedia.org/wiki///commons.wikimedia.org/wiki/File:Greenhouse_George.jpg'
 Error ('Can't create directory') - 'D:\web\particles barion\upload.wikimedia.org\wikipedia\commons\thumb\5\59\Greenhouse_George.jpg'
Ошибка (HTTP код 400) - 'https://ru.wikipedia.org/wiki/://commons.wikimedia.org/wiki/://ru.wikipedia.org/wiki///commons.wikimedia.org/wiki/://ru.wikipedia.org/wiki///commons.wikimedia.org/wiki/://ru.wikipedia.org/wiki///commons.wikimedia.org/wiki/://ru.wikipedia.org/wiki///commons.wikimedia.org/wiki/://ru.wikipedia.org/wiki///commons.wikimedia.org/wiki/://ru.wikipedia.org/wiki///commons.wikimedia.org/wiki/://ru.wikipedia.org/wiki///commons.wikimedia.org/wiki/File:Castle_Romeo.jpg'
Ошибка (HTTP код 404) - 'https://ru.wikipedia.org/wiki/Greenhouse_George.jpg'
Ошибка (HTTP код 400) - 'https://ru.wikipedia.org/wiki/://commons.wikimedia.org/wiki/://ru.wikipedia.org/wiki///commons.wikimedia.org/wiki/://ru.wikipedia.org/wiki///commons.wikimedia.org/wiki/://ru.wikipedia.org/wiki///commons.wikimedia.org/wiki/://ru.wikipedia.org/wiki///commons.wikimedia.org/wiki/://ru.wikipedia.org/wiki///commons.wikimedia.org/wiki/://ru.wikipedia.org/wiki///commons.wikimedia.org/wiki/://ru.wikipedia.org/wiki///commons.wikimedia.org/wiki/File:Greenhouse_George.jpg'
Ошибка (HTTP код 404) - 'https://ru.wikipedia.org/wiki/Castle_Romeo.jpg'
Ошибка (HTTP код 404) - 'https://ru.wikipedia.org/wiki/Operation_Castle_-_Romeo_001.jpg'
Ошибка (HTTP код 400) - 'https://ru.wikipedia.org/wiki/://commons.wikimedia.org/wiki/://ru.wikipedia.org/wiki///commons.wikimedia.org/wiki/://ru.wikipedia.org/wiki///commons.wikimedia.org/wiki/://ru.wikipedia.org/wiki///commons.wikimedia.org/wiki/://ru.wikipedia.org/wiki///commons.wikimedia.org/wiki/://ru.wikipedia.org/wiki///commons.wikimedia.org/wiki/://ru.wikipedia.org/wiki///commons.wikimedia.org/wiki/://ru.wikipedia.org/wiki///commons.wikimedia.org/wiki/File:Greenhouse_George.jpg'
Ошибка (HTTP код 400) - 'https://ru.wikipedia.org/wiki/mons.wikimedia.org/wiki/://ru.wikipedia.org/wiki/Mons.wikimedia.org/wiki/://ru.wikipedia.org/wiki/Mons.wikimedia.org/wiki/://ru.wikipedia.org/wiki/Mons.wikimedia.org/wiki/://ru.wikipedia.org/wiki/Mons.wikimedia.org/wiki/://ru.wikipedia.org/wiki/Mons.wikimedia.org/wiki/://ru.wikipedia.org/wiki/Mons.wikimedia.org/wiki/://ru.wikipedia.org/wiki/Mons.wikimedia.org/wiki/File:Extracted_image_icon.png'
Ошибка (HTTP код 400) - 'https://ru.wikipedia.org/wiki/mons.wikimedia.org/wiki/://ru.wikipedia.org/wiki/Mons.wikimedia.org/wiki/://ru.wikipedia.org/wiki/Mons.wikimedia.org/wiki/://ru.wikipedia.org/wiki/Mons.wikimedia.org/wiki/://ru.wikipedia.org/wiki/Mons.wikimedia.org/wiki/://ru.wikipedia.org/wiki/Mons.wikimedia.org/wiki/://ru.wikipedia.org/wiki/Mons.wikimedia.org/wiki/://ru.wikipedia.org/wiki/Mons.wikimedia.org/wiki/File:Operation_Castle_-_Romeo_001.jpg'
Ошибка (HTTP код 404) - 'https://ru.wikipedia.org/wiki/Castle_Romeo_Atmospheric_Testing_Cropped.jpg'
Ошибка (HTTP код 400) - 'https://ru.wikipedia.org/wiki/mons.wikimedia.org/wiki/://ru.wikipedia.org/wiki/Mons.wikimedia.org/wiki/://ru.wikipedia.org/wiki/Mons.wikimedia.org/wiki/://ru.wikipedia.org/wiki/Mons.wikimedia.org/wiki/://ru.wikipedia.org/wiki/Mons.wikimedia.org/wiki/://ru.wikipedia.org/wiki/Mons.wikimedia.org/wiki/://ru.wikipedia.org/wiki/Mons.wikimedia.org/wiki/://ru.wikipedia.org/wiki/Mons.wikimedia.org/wiki/File:Castle_Romeo_Atmospheric_Testing_Cropped.jpg'
Ошибка (HTTP код 400) - 'https://ru.wikipedia.org/wiki/://commons.wikimedia.org/wiki/://ru.wikipedia.org/wiki///commons.wikimedia.org/wiki/://ru.wikipedia.org/wiki///commons.wikimedia.org/wiki/://ru.wikipedia.org/wiki///commons.wikimedia.org/wiki/://ru.wikipedia.org/wiki///commons.wikimedia.org/wiki/://ru.wikipedia.org/wiki///commons.wikimedia.org/wiki/://ru.wikipedia.org/wiki///commons.wikimedia.org/wiki/://ru.wikipedia.org/wiki///commons.wikimedia.org/wiki/File:Castle_Romeo.jpg'
Ошибка (HTTP код 300) - 'http://b_uclphys/qel/qel04.files/filelist.xml'
Ошибка (HTTP код 404) - 'http://b_uclphys/books/ft/ft/akhiezer.djvu'
Ошибка (HTTP код 404) - 'http://b_uclphys/_vti_bin/shtml.dll/fdiag/f301.htm/map'
Ошибка (HTTP код 404) - 'http://b_uclphys/_vti_bin/shtml.dll/fdiag/f501.htm/map'
Ошибка (HTTP код 404) - 'http://b_uclphys/_vti_bin/shtml.dll/fdiag/f801.htm/map'
Ошибка (HTTP код 404) - 'http://b_uclphys/_vti_bin/shtml.dll/fdiag/f1101.htm/map'
Ошибка (HTTP код 404) - 'http://b_uclphys/_vti_bin/shtml.dll/fdiag/f1201.htm/map'
Ошибка (HTTP код 404) - 'http://b_uclphys/persons/bio/shifman.htm'
Ошибка (HTTP код 404) - 'http://b_uclphys/_vti_bin/shtml.dll/pm/pm07_04.htm/map'
Ошибка (HTTP код 404) - 'http://b_uclphys/experiment/detectors/det_c/sm_det/photoem.htm'
Ошибка (HTTP код 404) - 'http://b_uclphys/pilgrims/1_09.htm'
 Warning: the file 'http://b_uclphys/books/pop/Hawking.djvu' may be downloaded incompletely.
 Warning: the file 'http://b_uclphys/books/pop/РҐСЂР°РјРѕРІ.pdf' may be downloaded incompletely.
 Warning: the file 'http://b_uclphys/books/pop/Essays%20on%20the%20history.pdf' may be downloaded incompletely.
 Warning: the file 'http://b_uclphys/books/pop/Flerov%201977.pdf' may be downloaded incompletely.
 Warning: the file 'http://b_uclphys/books/pop/TRIFONOV.pdf' may be downloaded incompletely.
Ошибка (HTTP код 404) - 'http://b_uclphys/books/b/://commons.wikimedia.org/wiki/File:Radiation_warning_symbol.svg?uselang=ru'
Ошибка (HTTP код 404) - 'http://b_uclphys/books/b/://commons.wikimedia.org/wiki/File:Logo_iso_radiation.svg?uselang=ru'
Диск заполнен до конца !
Диск заполнен до конца !
Диск заполнен до конца !
 Warning: the file 'http://b_uclphys/books/b/Р¤РµРґРѕСЂРѕРІ.pdf' may be downloaded incompletely.
 Warning: the file 'http://b_uclphys/books/b/Р¤РµР№РЅРјР°РЅ_1975.djvu' may be downloaded incompletely.
 Warning: the file 'http://b_uclphys/books/b/Р¤Р°Рј.pdf' may be downloaded incompletely.

Загрузка остановлена (20:32:15, Август 31, 2021)

Отчет:
 Количество файлов: 13298        Полный размер: 4.7 ГБ
